stdio    D         file_stdio.c:110  file_stdio_fopen                 [   0.00000] opening C:\Users\mehme\Desktop\BOLUM\Allegro Ã‡alÄ±sma\Word Search ALLEGROLU\Debug\allegro5.cfg r
system   D            wsystem.c:802  maybe_parent_dir                 [   0.00000] Also searching C:\Users\mehme\Desktop\BOLUM\Allegro Çalýsma\Word Search ALLEGROLU\
system   D            wsystem.c:852  _al_win_safe_load_library        [   0.00000] PathFindOnPath found: C:\Windows\system32\shcore.dll
system   D            wsystem.c:763  load_library_at_path             [   0.00000] Calling LoadLibrary C:\Windows\system32\shcore.dll
system   I            wsystem.c:766  load_library_at_path             [   0.00000] Loaded C:\Windows\system32\shcore.dll
system   I             system.c:267  al_install_system                [   0.00000] Allegro version: 5.2.5
audio-dsound I           dsound.cpp:271  _dsound_open                     [   0.00049] Starting DirectSound...
audio-dsound D           dsound.cpp:280  _dsound_open                     [   0.19952] DirectSoundCreate8 succeeded
audio-dsound I           dsound.cpp:73   get_window                       [   0.19958] Using desktop window: 00010010
audio    I              audio.c:347  do_install_audio                 [   0.19965] Using DirectSound driver
stdio    D         file_stdio.c:110  file_stdio_fopen                 [   0.19971] opening Heartbeat.wav rb
wav      I                wav.c:124  wav_open                         [   0.19984] Ignoring chunk: LIST
wav      E                wav.c:121  wav_open                         [   0.19986] Bad RIFF type.
dtor     D               dtor.c:196  _al_register_destructor          [   0.20026] added dtor for sample 004EDDD0, func 7B481258
stdio    D         file_stdio.c:110  file_stdio_fopen                 [   0.20084] opening tada.wav rb
wav      E                wav.c:121  wav_open                         [   0.20097] Bad RIFF type.
dtor     D               dtor.c:196  _al_register_destructor          [   0.20112] added dtor for sample 004EDE18, func 7B481258
stdio    D         file_stdio.c:110  file_stdio_fopen                 [   0.20123] opening tick.wav rb
wav      E                wav.c:121  wav_open                         [   0.20131] Bad RIFF type.
dtor     D               dtor.c:196  _al_register_destructor          [   0.20136] added dtor for sample 004ED9E0, func 7B481258
stdio    D         file_stdio.c:110  file_stdio_fopen                 [   0.20142] opening gameover.wav rb
wav      E                wav.c:121  wav_open                         [   0.20148] Bad RIFF type.
dtor     D               dtor.c:196  _al_register_destructor          [   0.20173] added dtor for sample 004EDE60, func 7B481258
stdio    D         file_stdio.c:110  file_stdio_fopen                 [   0.20199] opening arka.wav rb
wav      E                wav.c:121  wav_open                         [   0.20207] Bad RIFF type.
dtor     D               dtor.c:196  _al_register_destructor          [   0.20472] added dtor for sample 004EDD88, func 7B481258
system   D            wsystem.c:802  maybe_parent_dir                 [   0.20901] Also searching C:\Users\mehme\Desktop\BOLUM\Allegro Ã‡alÄ±sma\Word Search ALLEGROLU\
system   D            wsystem.c:852  _al_win_safe_load_library        [   0.20922] PathFindOnPath found: C:\Windows\system32\d3d9.dll
system   D            wsystem.c:763  load_library_at_path             [   0.20923] Calling LoadLibrary C:\Windows\system32\d3d9.dll
system   I            wsystem.c:766  load_library_at_path             [   0.21359] Loaded C:\Windows\system32\d3d9.dll
d3d      I         d3d_disp.cpp:674  d3d_init_display                 [   0.25585] Render-to-texture: 1
d3d      I         d3d_disp.cpp:1768 d3d_create_display_locked        [   0.25921] faux_fullscreen=0
d3d      D         d3d_disp.cpp:1769 d3d_create_display_locked        [   0.25924] al_display=00591300
d3d      D         d3d_disp.cpp:1770 d3d_create_display_locked        [   0.25925] al_display->vt=03BE6698
d3d      I d3d_display_formats.cpp:144  _al_d3d_generate_display_format_list [   0.26382] found 160 format combinations
display  D   display_settings.c:212  debug_display_settings           [   0.26389] color: 32 (rgba 8880), depth: 0, stencil: 0, acc: 0000, samples: 0/0
display  D   display_settings.c:527  _al_score_display_settings       [   0.26391] Score is : 897
display  D   display_settings.c:212  debug_display_settings           [   0.26391] color: 32 (rgba 8880), depth: 0, stencil: 0, acc: 0000, samples: 0/0
display  D   display_settings.c:527  _al_score_display_settings       [   0.26393] Score is : 897
display  D   display_settings.c:212  debug_display_settings           [   0.26393] color: 32 (rgba 8880), depth: 0, stencil: 0, acc: 0000, samples: 2/1
display  D   display_settings.c:527  _al_score_display_settings       [   0.26394] Score is : 726
display  D   display_settings.c:212  debug_display_settings           [   0.26395] color: 32 (rgba 8880), depth: 0, stencil: 0, acc: 0000, samples: 3/1
display  D   display_settings.c:527  _al_score_display_settings       [   0.26396] Score is : 721
display  D   display_settings.c:212  debug_display_settings           [   0.26397] color: 32 (rgba 8880), depth: 0, stencil: 0, acc: 0000, samples: 4/1
display  D   display_settings.c:527  _al_score_display_settings       [   0.26398] Score is : 717
display  D   display_settings.c:212  debug_display_settings           [   0.26399] color: 32 (rgba 8880), depth: 24, stencil: 8, acc: 0000, samples: 0/0
display  D   display_settings.c:527  _al_score_display_settings       [   0.26400] Score is : 897
display  D   display_settings.c:212  debug_display_settings           [   0.26401] color: 32 (rgba 8880), depth: 24, stencil: 8, acc: 0000, samples: 0/0
display  D   display_settings.c:527  _al_score_display_settings       [   0.26402] Score is : 897
display  D   display_settings.c:212  debug_display_settings           [   0.26402] color: 32 (rgba 8880), depth: 24, stencil: 8, acc: 0000, samples: 2/1
display  D   display_settings.c:527  _al_score_display_settings       [   0.26403] Score is : 726
display  D   display_settings.c:212  debug_display_settings           [   0.26404] color: 32 (rgba 8880), depth: 24, stencil: 8, acc: 0000, samples: 3/1
display  D   display_settings.c:527  _al_score_display_settings       [   0.26405] Score is : 721
display  D   display_settings.c:212  debug_display_settings           [   0.26406] color: 32 (rgba 8880), depth: 24, stencil: 8, acc: 0000, samples: 4/1
display  D   display_settings.c:527  _al_score_display_settings       [   0.26407] Score is : 717
display  D   display_settings.c:212  debug_display_settings           [   0.26408] color: 32 (rgba 8880), depth: 24, stencil: 0, acc: 0000, samples: 0/0
display  D   display_settings.c:527  _al_score_display_settings       [   0.26409] Score is : 897
display  D   display_settings.c:212  debug_display_settings           [   0.26410] color: 32 (rgba 8880), depth: 24, stencil: 0, acc: 0000, samples: 0/0
display  D   display_settings.c:527  _al_score_display_settings       [   0.26411] Score is : 897
display  D   display_settings.c:212  debug_display_settings           [   0.26411] color: 32 (rgba 8880), depth: 24, stencil: 0, acc: 0000, samples: 2/1
display  D   display_settings.c:527  _al_score_display_settings       [   0.26412] Score is : 726
display  D   display_settings.c:212  debug_display_settings           [   0.26413] color: 32 (rgba 8880), depth: 24, stencil: 0, acc: 0000, samples: 3/1
display  D   display_settings.c:527  _al_score_display_settings       [   0.26414] Score is : 721
display  D   display_settings.c:212  debug_display_settings           [   0.26415] color: 32 (rgba 8880), depth: 24, stencil: 0, acc: 0000, samples: 4/1
display  D   display_settings.c:527  _al_score_display_settings       [   0.26416] Score is : 717
display  D   display_settings.c:212  debug_display_settings           [   0.26417] color: 32 (rgba 8880), depth: 16, stencil: 0, acc: 0000, samples: 0/0
display  D   display_settings.c:527  _al_score_display_settings       [   0.26418] Score is : 897
display  D   display_settings.c:212  debug_display_settings           [   0.26419] color: 32 (rgba 8880), depth: 16, stencil: 0, acc: 0000, samples: 0/0
display  D   display_settings.c:527  _al_score_display_settings       [   0.26420] Score is : 897
display  D   display_settings.c:212  debug_display_settings           [   0.26421] color: 32 (rgba 8880), depth: 16, stencil: 0, acc: 0000, samples: 2/1
display  D   display_settings.c:527  _al_score_display_settings       [   0.26422] Score is : 726
display  D   display_settings.c:212  debug_display_settings           [   0.26422] color: 32 (rgba 8880), depth: 16, stencil: 0, acc: 0000, samples: 3/1
display  D   display_settings.c:527  _al_score_display_settings       [   0.26423] Score is : 721
display  D   display_settings.c:212  debug_display_settings           [   0.26424] color: 32 (rgba 8880), depth: 16, stencil: 0, acc: 0000, samples: 4/1
display  D   display_settings.c:527  _al_score_display_settings       [   0.26425] Score is : 717
display  D   display_settings.c:212  debug_display_settings           [   0.26426] color: 16 (rgba 5650), depth: 0, stencil: 0, acc: 0000, samples: 0/0
display  D   display_settings.c:527  _al_score_display_settings       [   0.26427] Score is : 897
display  D   display_settings.c:212  debug_display_settings           [   0.26428] color: 16 (rgba 5650), depth: 0, stencil: 0, acc: 0000, samples: 0/0
display  D   display_settings.c:527  _al_score_display_settings       [   0.26436] Score is : 897
display  D   display_settings.c:212  debug_display_settings           [   0.26437] color: 16 (rgba 5650), depth: 0, stencil: 0, acc: 0000, samples: 2/1
display  D   display_settings.c:527  _al_score_display_settings       [   0.26440] Score is : 726
display  D   display_settings.c:212  debug_display_settings           [   0.26444] color: 16 (rgba 5650), depth: 0, stencil: 0, acc: 0000, samples: 3/1
display  D   display_settings.c:527  _al_score_display_settings       [   0.26445] Score is : 721
display  D   display_settings.c:212  debug_display_settings           [   0.26446] color: 16 (rgba 5650), depth: 0, stencil: 0, acc: 0000, samples: 4/1
display  D   display_settings.c:527  _al_score_display_settings       [   0.26447] Score is : 717
display  D   display_settings.c:212  debug_display_settings           [   0.26448] color: 16 (rgba 5650), depth: 24, stencil: 8, acc: 0000, samples: 0/0
display  D   display_settings.c:527  _al_score_display_settings       [   0.26449] Score is : 897
display  D   display_settings.c:212  debug_display_settings           [   0.26450] color: 16 (rgba 5650), depth: 24, stencil: 8, acc: 0000, samples: 0/0
display  D   display_settings.c:527  _al_score_display_settings       [   0.26451] Score is : 897
display  D   display_settings.c:212  debug_display_settings           [   0.26452] color: 16 (rgba 5650), depth: 24, stencil: 8, acc: 0000, samples: 2/1
display  D   display_settings.c:527  _al_score_display_settings       [   0.26453] Score is : 726
display  D   display_settings.c:212  debug_display_settings           [   0.26453] color: 16 (rgba 5650), depth: 24, stencil: 8, acc: 0000, samples: 3/1
display  D   display_settings.c:527  _al_score_display_settings       [   0.26454] Score is : 721
display  D   display_settings.c:212  debug_display_settings           [   0.26455] color: 16 (rgba 5650), depth: 24, stencil: 8, acc: 0000, samples: 4/1
display  D   display_settings.c:527  _al_score_display_settings       [   0.26456] Score is : 717
display  D   display_settings.c:212  debug_display_settings           [   0.26457] color: 16 (rgba 5650), depth: 24, stencil: 0, acc: 0000, samples: 0/0
display  D   display_settings.c:527  _al_score_display_settings       [   0.26458] Score is : 897
display  D   display_settings.c:212  debug_display_settings           [   0.26459] color: 16 (rgba 5650), depth: 24, stencil: 0, acc: 0000, samples: 0/0
display  D   display_settings.c:527  _al_score_display_settings       [   0.26460] Score is : 897
display  D   display_settings.c:212  debug_display_settings           [   0.26461] color: 16 (rgba 5650), depth: 24, stencil: 0, acc: 0000, samples: 2/1
display  D   display_settings.c:527  _al_score_display_settings       [   0.26462] Score is : 726
display  D   display_settings.c:212  debug_display_settings           [   0.26463] color: 16 (rgba 5650), depth: 24, stencil: 0, acc: 0000, samples: 3/1
display  D   display_settings.c:527  _al_score_display_settings       [   0.26464] Score is : 721
display  D   display_settings.c:212  debug_display_settings           [   0.26465] color: 16 (rgba 5650), depth: 24, stencil: 0, acc: 0000, samples: 4/1
display  D   display_settings.c:527  _al_score_display_settings       [   0.26466] Score is : 717
display  D   display_settings.c:212  debug_display_settings           [   0.26467] color: 16 (rgba 5650), depth: 16, stencil: 0, acc: 0000, samples: 0/0
display  D   display_settings.c:527  _al_score_display_settings       [   0.26468] Score is : 897
display  D   display_settings.c:212  debug_display_settings           [   0.26468] color: 16 (rgba 5650), depth: 16, stencil: 0, acc: 0000, samples: 0/0
display  D   display_settings.c:527  _al_score_display_settings       [   0.26469] Score is : 897
display  D   display_settings.c:212  debug_display_settings           [   0.26470] color: 16 (rgba 5650), depth: 16, stencil: 0, acc: 0000, samples: 2/1
display  D   display_settings.c:527  _al_score_display_settings       [   0.26471] Score is : 726
display  D   display_settings.c:212  debug_display_settings           [   0.26472] color: 16 (rgba 5650), depth: 16, stencil: 0, acc: 0000, samples: 3/1
display  D   display_settings.c:527  _al_score_display_settings       [   0.26473] Score is : 721
display  D   display_settings.c:212  debug_display_settings           [   0.26474] color: 16 (rgba 5650), depth: 16, stencil: 0, acc: 0000, samples: 4/1
display  D   display_settings.c:527  _al_score_display_settings       [   0.26475] Score is : 717
display  D   display_settings.c:212  debug_display_settings           [   0.26475] color: 32 (rgba 8880), depth: 0, stencil: 0, acc: 0000, samples: 0/0
display  D   display_settings.c:398  _al_score_display_settings       [   0.26476] Single Buffer requirement not met.
display  D   display_settings.c:212  debug_display_settings           [   0.26477] color: 32 (rgba 8880), depth: 0, stencil: 0, acc: 0000, samples: 0/0
display  D   display_settings.c:398  _al_score_display_settings       [   0.26478] Single Buffer requirement not met.
display  D   display_settings.c:212  debug_display_settings           [   0.26479] color: 32 (rgba 8880), depth: 0, stencil: 0, acc: 0000, samples: 2/1
display  D   display_settings.c:398  _al_score_display_settings       [   0.26480] Single Buffer requirement not met.
display  D   display_settings.c:212  debug_display_settings           [   0.26481] color: 32 (rgba 8880), depth: 0, stencil: 0, acc: 0000, samples: 3/1
display  D   display_settings.c:398  _al_score_display_settings       [   0.26482] Single Buffer requirement not met.
display  D   display_settings.c:212  debug_display_settings           [   0.26483] color: 32 (rgba 8880), depth: 0, stencil: 0, acc: 0000, samples: 4/1
display  D   display_settings.c:398  _al_score_display_settings       [   0.26484] Single Buffer requirement not met.
display  D   display_settings.c:212  debug_display_settings           [   0.26485] color: 32 (rgba 8880), depth: 24, stencil: 8, acc: 0000, samples: 0/0
display  D   display_settings.c:398  _al_score_display_settings       [   0.26486] Single Buffer requirement not met.
display  D   display_settings.c:212  debug_display_settings           [   0.26487] color: 32 (rgba 8880), depth: 24, stencil: 8, acc: 0000, samples: 0/0
display  D   display_settings.c:398  _al_score_display_settings       [   0.26488] Single Buffer requirement not met.
display  D   display_settings.c:212  debug_display_settings           [   0.26489] color: 32 (rgba 8880), depth: 24, stencil: 8, acc: 0000, samples: 2/1
display  D   display_settings.c:398  _al_score_display_settings       [   0.26490] Single Buffer requirement not met.
display  D   display_settings.c:212  debug_display_settings           [   0.26493] color: 32 (rgba 8880), depth: 24, stencil: 8, acc: 0000, samples: 3/1
display  D   display_settings.c:398  _al_score_display_settings       [   0.26494] Single Buffer requirement not met.
display  D   display_settings.c:212  debug_display_settings           [   0.26495] color: 32 (rgba 8880), depth: 24, stencil: 8, acc: 0000, samples: 4/1
display  D   display_settings.c:398  _al_score_display_settings       [   0.26496] Single Buffer requirement not met.
display  D   display_settings.c:212  debug_display_settings           [   0.26497] color: 32 (rgba 8880), depth: 24, stencil: 0, acc: 0000, samples: 0/0
display  D   display_settings.c:398  _al_score_display_settings       [   0.26498] Single Buffer requirement not met.
display  D   display_settings.c:212  debug_display_settings           [   0.26499] color: 32 (rgba 8880), depth: 24, stencil: 0, acc: 0000, samples: 0/0
display  D   display_settings.c:398  _al_score_display_settings       [   0.26500] Single Buffer requirement not met.
display  D   display_settings.c:212  debug_display_settings           [   0.26501] color: 32 (rgba 8880), depth: 24, stencil: 0, acc: 0000, samples: 2/1
display  D   display_settings.c:398  _al_score_display_settings       [   0.26502] Single Buffer requirement not met.
display  D   display_settings.c:212  debug_display_settings           [   0.26503] color: 32 (rgba 8880), depth: 24, stencil: 0, acc: 0000, samples: 3/1
display  D   display_settings.c:398  _al_score_display_settings       [   0.26504] Single Buffer requirement not met.
display  D   display_settings.c:212  debug_display_settings           [   0.26504] color: 32 (rgba 8880), depth: 24, stencil: 0, acc: 0000, samples: 4/1
display  D   display_settings.c:398  _al_score_display_settings       [   0.26505] Single Buffer requirement not met.
display  D   display_settings.c:212  debug_display_settings           [   0.26506] color: 32 (rgba 8880), depth: 16, stencil: 0, acc: 0000, samples: 0/0
display  D   display_settings.c:398  _al_score_display_settings       [   0.26507] Single Buffer requirement not met.
display  D   display_settings.c:212  debug_display_settings           [   0.26508] color: 32 (rgba 8880), depth: 16, stencil: 0, acc: 0000, samples: 0/0
display  D   display_settings.c:398  _al_score_display_settings       [   0.26509] Single Buffer requirement not met.
display  D   display_settings.c:212  debug_display_settings           [   0.26510] color: 32 (rgba 8880), depth: 16, stencil: 0, acc: 0000, samples: 2/1
display  D   display_settings.c:398  _al_score_display_settings       [   0.26511] Single Buffer requirement not met.
display  D   display_settings.c:212  debug_display_settings           [   0.26512] color: 32 (rgba 8880), depth: 16, stencil: 0, acc: 0000, samples: 3/1
display  D   display_settings.c:398  _al_score_display_settings       [   0.26513] Single Buffer requirement not met.
display  D   display_settings.c:212  debug_display_settings           [   0.26514] color: 32 (rgba 8880), depth: 16, stencil: 0, acc: 0000, samples: 4/1
display  D   display_settings.c:398  _al_score_display_settings       [   0.26515] Single Buffer requirement not met.
display  D   display_settings.c:212  debug_display_settings           [   0.26516] color: 16 (rgba 5650), depth: 0, stencil: 0, acc: 0000, samples: 0/0
display  D   display_settings.c:398  _al_score_display_settings       [   0.26517] Single Buffer requirement not met.
display  D   display_settings.c:212  debug_display_settings           [   0.26517] color: 16 (rgba 5650), depth: 0, stencil: 0, acc: 0000, samples: 0/0
display  D   display_settings.c:398  _al_score_display_settings       [   0.26518] Single Buffer requirement not met.
display  D   display_settings.c:212  debug_display_settings           [   0.26519] color: 16 (rgba 5650), depth: 0, stencil: 0, acc: 0000, samples: 2/1
display  D   display_settings.c:398  _al_score_display_settings       [   0.26520] Single Buffer requirement not met.
display  D   display_settings.c:212  debug_display_settings           [   0.26521] color: 16 (rgba 5650), depth: 0, stencil: 0, acc: 0000, samples: 3/1
display  D   display_settings.c:398  _al_score_display_settings       [   0.26522] Single Buffer requirement not met.
display  D   display_settings.c:212  debug_display_settings           [   0.26523] color: 16 (rgba 5650), depth: 0, stencil: 0, acc: 0000, samples: 4/1
display  D   display_settings.c:398  _al_score_display_settings       [   0.26524] Single Buffer requirement not met.
display  D   display_settings.c:212  debug_display_settings           [   0.26525] color: 16 (rgba 5650), depth: 24, stencil: 8, acc: 0000, samples: 0/0
display  D   display_settings.c:398  _al_score_display_settings       [   0.26526] Single Buffer requirement not met.
display  D   display_settings.c:212  debug_display_settings           [   0.26527] color: 16 (rgba 5650), depth: 24, stencil: 8, acc: 0000, samples: 0/0
display  D   display_settings.c:398  _al_score_display_settings       [   0.26528] Single Buffer requirement not met.
display  D   display_settings.c:212  debug_display_settings           [   0.26529] color: 16 (rgba 5650), depth: 24, stencil: 8, acc: 0000, samples: 2/1
display  D   display_settings.c:398  _al_score_display_settings       [   0.26530] Single Buffer requirement not met.
display  D   display_settings.c:212  debug_display_settings           [   0.26531] color: 16 (rgba 5650), depth: 24, stencil: 8, acc: 0000, samples: 3/1
display  D   display_settings.c:398  _al_score_display_settings       [   0.26532] Single Buffer requirement not met.
display  D   display_settings.c:212  debug_display_settings           [   0.26533] color: 16 (rgba 5650), depth: 24, stencil: 8, acc: 0000, samples: 4/1
display  D   display_settings.c:398  _al_score_display_settings       [   0.26534] Single Buffer requirement not met.
display  D   display_settings.c:212  debug_display_settings           [   0.26535] color: 16 (rgba 5650), depth: 24, stencil: 0, acc: 0000, samples: 0/0
display  D   display_settings.c:398  _al_score_display_settings       [   0.26536] Single Buffer requirement not met.
display  D   display_settings.c:212  debug_display_settings           [   0.26537] color: 16 (rgba 5650), depth: 24, stencil: 0, acc: 0000, samples: 0/0
display  D   display_settings.c:398  _al_score_display_settings       [   0.26538] Single Buffer requirement not met.
display  D   display_settings.c:212  debug_display_settings           [   0.26539] color: 16 (rgba 5650), depth: 24, stencil: 0, acc: 0000, samples: 2/1
display  D   display_settings.c:398  _al_score_display_settings       [   0.26540] Single Buffer requirement not met.
display  D   display_settings.c:212  debug_display_settings           [   0.26541] color: 16 (rgba 5650), depth: 24, stencil: 0, acc: 0000, samples: 3/1
display  D   display_settings.c:398  _al_score_display_settings       [   0.26542] Single Buffer requirement not met.
display  D   display_settings.c:212  debug_display_settings           [   0.26543] color: 16 (rgba 5650), depth: 24, stencil: 0, acc: 0000, samples: 4/1
display  D   display_settings.c:398  _al_score_display_settings       [   0.26544] Single Buffer requirement not met.
display  D   display_settings.c:212  debug_display_settings           [   0.26544] color: 16 (rgba 5650), depth: 16, stencil: 0, acc: 0000, samples: 0/0
display  D   display_settings.c:398  _al_score_display_settings       [   0.26545] Single Buffer requirement not met.
display  D   display_settings.c:212  debug_display_settings           [   0.26546] color: 16 (rgba 5650), depth: 16, stencil: 0, acc: 0000, samples: 0/0
display  D   display_settings.c:398  _al_score_display_settings       [   0.26547] Single Buffer requirement not met.
display  D   display_settings.c:212  debug_display_settings           [   0.26548] color: 16 (rgba 5650), depth: 16, stencil: 0, acc: 0000, samples: 2/1
display  D   display_settings.c:398  _al_score_display_settings       [   0.26549] Single Buffer requirement not met.
display  D   display_settings.c:212  debug_display_settings           [   0.26550] color: 16 (rgba 5650), depth: 16, stencil: 0, acc: 0000, samples: 3/1
display  D   display_settings.c:398  _al_score_display_settings       [   0.26551] Single Buffer requirement not met.
display  D   display_settings.c:212  debug_display_settings           [   0.26552] color: 16 (rgba 5650), depth: 16, stencil: 0, acc: 0000, samples: 4/1
display  D   display_settings.c:398  _al_score_display_settings       [   0.26553] Single Buffer requirement not met.
display  D   display_settings.c:212  debug_display_settings           [   0.26554] color: 32 (rgba 8880), depth: 0, stencil: 0, acc: 0000, samples: 0/0
display  D   display_settings.c:527  _al_score_display_settings       [   0.26555] Score is : 769
display  D   display_settings.c:212  debug_display_settings           [   0.26556] color: 32 (rgba 8880), depth: 0, stencil: 0, acc: 0000, samples: 0/0
display  D   display_settings.c:527  _al_score_display_settings       [   0.26557] Score is : 769
display  D   display_settings.c:212  debug_display_settings           [   0.26558] color: 32 (rgba 8880), depth: 0, stencil: 0, acc: 0000, samples: 2/1
display  D   display_settings.c:527  _al_score_display_settings       [   0.26559] Score is : 598
display  D   display_settings.c:212  debug_display_settings           [   0.26559] color: 32 (rgba 8880), depth: 0, stencil: 0, acc: 0000, samples: 3/1
display  D   display_settings.c:527  _al_score_display_settings       [   0.26561] Score is : 593
display  D   display_settings.c:212  debug_display_settings           [   0.26561] color: 32 (rgba 8880), depth: 0, stencil: 0, acc: 0000, samples: 4/1
display  D   display_settings.c:527  _al_score_display_settings       [   0.26562] Score is : 589
display  D   display_settings.c:212  debug_display_settings           [   0.26563] color: 32 (rgba 8880), depth: 24, stencil: 8, acc: 0000, samples: 0/0
display  D   display_settings.c:527  _al_score_display_settings       [   0.26564] Score is : 769
display  D   display_settings.c:212  debug_display_settings           [   0.26565] color: 32 (rgba 8880), depth: 24, stencil: 8, acc: 0000, samples: 0/0
display  D   display_settings.c:527  _al_score_display_settings       [   0.26566] Score is : 769
display  D   display_settings.c:212  debug_display_settings           [   0.26567] color: 32 (rgba 8880), depth: 24, stencil: 8, acc: 0000, samples: 2/1
display  D   display_settings.c:527  _al_score_display_settings       [   0.26568] Score is : 598
display  D   display_settings.c:212  debug_display_settings           [   0.26568] color: 32 (rgba 8880), depth: 24, stencil: 8, acc: 0000, samples: 3/1
display  D   display_settings.c:527  _al_score_display_settings       [   0.26569] Score is : 593
display  D   display_settings.c:212  debug_display_settings           [   0.26570] color: 32 (rgba 8880), depth: 24, stencil: 8, acc: 0000, samples: 4/1
display  D   display_settings.c:527  _al_score_display_settings       [   0.26571] Score is : 589
display  D   display_settings.c:212  debug_display_settings           [   0.26572] color: 32 (rgba 8880), depth: 24, stencil: 0, acc: 0000, samples: 0/0
display  D   display_settings.c:527  _al_score_display_settings       [   0.26573] Score is : 769
display  D   display_settings.c:212  debug_display_settings           [   0.26574] color: 32 (rgba 8880), depth: 24, stencil: 0, acc: 0000, samples: 0/0
display  D   display_settings.c:527  _al_score_display_settings       [   0.26575] Score is : 769
display  D   display_settings.c:212  debug_display_settings           [   0.26576] color: 32 (rgba 8880), depth: 24, stencil: 0, acc: 0000, samples: 2/1
display  D   display_settings.c:527  _al_score_display_settings       [   0.26577] Score is : 598
display  D   display_settings.c:212  debug_display_settings           [   0.26577] color: 32 (rgba 8880), depth: 24, stencil: 0, acc: 0000, samples: 3/1
display  D   display_settings.c:527  _al_score_display_settings       [   0.26579] Score is : 593
display  D   display_settings.c:212  debug_display_settings           [   0.26579] color: 32 (rgba 8880), depth: 24, stencil: 0, acc: 0000, samples: 4/1
display  D   display_settings.c:527  _al_score_display_settings       [   0.26580] Score is : 589
display  D   display_settings.c:212  debug_display_settings           [   0.26581] color: 32 (rgba 8880), depth: 16, stencil: 0, acc: 0000, samples: 0/0
display  D   display_settings.c:527  _al_score_display_settings       [   0.26582] Score is : 769
display  D   display_settings.c:212  debug_display_settings           [   0.26583] color: 32 (rgba 8880), depth: 16, stencil: 0, acc: 0000, samples: 0/0
display  D   display_settings.c:527  _al_score_display_settings       [   0.26584] Score is : 769
display  D   display_settings.c:212  debug_display_settings           [   0.26585] color: 32 (rgba 8880), depth: 16, stencil: 0, acc: 0000, samples: 2/1
display  D   display_settings.c:527  _al_score_display_settings       [   0.26586] Score is : 598
display  D   display_settings.c:212  debug_display_settings           [   0.26587] color: 32 (rgba 8880), depth: 16, stencil: 0, acc: 0000, samples: 3/1
display  D   display_settings.c:527  _al_score_display_settings       [   0.26588] Score is : 593
display  D   display_settings.c:212  debug_display_settings           [   0.26589] color: 32 (rgba 8880), depth: 16, stencil: 0, acc: 0000, samples: 4/1
display  D   display_settings.c:527  _al_score_display_settings       [   0.26590] Score is : 589
display  D   display_settings.c:212  debug_display_settings           [   0.26591] color: 16 (rgba 5650), depth: 0, stencil: 0, acc: 0000, samples: 0/0
display  D   display_settings.c:527  _al_score_display_settings       [   0.26592] Score is : 769
display  D   display_settings.c:212  debug_display_settings           [   0.26592] color: 16 (rgba 5650), depth: 0, stencil: 0, acc: 0000, samples: 0/0
display  D   display_settings.c:527  _al_score_display_settings       [   0.26593] Score is : 769
display  D   display_settings.c:212  debug_display_settings           [   0.26594] color: 16 (rgba 5650), depth: 0, stencil: 0, acc: 0000, samples: 2/1
display  D   display_settings.c:527  _al_score_display_settings       [   0.26595] Score is : 598
display  D   display_settings.c:212  debug_display_settings           [   0.26596] color: 16 (rgba 5650), depth: 0, stencil: 0, acc: 0000, samples: 3/1
display  D   display_settings.c:527  _al_score_display_settings       [   0.26597] Score is : 593
display  D   display_settings.c:212  debug_display_settings           [   0.26598] color: 16 (rgba 5650), depth: 0, stencil: 0, acc: 0000, samples: 4/1
display  D   display_settings.c:527  _al_score_display_settings       [   0.26599] Score is : 589
display  D   display_settings.c:212  debug_display_settings           [   0.26600] color: 16 (rgba 5650), depth: 24, stencil: 8, acc: 0000, samples: 0/0
display  D   display_settings.c:527  _al_score_display_settings       [   0.26601] Score is : 769
display  D   display_settings.c:212  debug_display_settings           [   0.26601] color: 16 (rgba 5650), depth: 24, stencil: 8, acc: 0000, samples: 0/0
display  D   display_settings.c:527  _al_score_display_settings       [   0.26603] Score is : 769
display  D   display_settings.c:212  debug_display_settings           [   0.26603] color: 16 (rgba 5650), depth: 24, stencil: 8, acc: 0000, samples: 2/1
display  D   display_settings.c:527  _al_score_display_settings       [   0.26604] Score is : 598
display  D   display_settings.c:212  debug_display_settings           [   0.26605] color: 16 (rgba 5650), depth: 24, stencil: 8, acc: 0000, samples: 3/1
display  D   display_settings.c:527  _al_score_display_settings       [   0.26606] Score is : 593
display  D   display_settings.c:212  debug_display_settings           [   0.26607] color: 16 (rgba 5650), depth: 24, stencil: 8, acc: 0000, samples: 4/1
display  D   display_settings.c:527  _al_score_display_settings       [   0.26608] Score is : 589
display  D   display_settings.c:212  debug_display_settings           [   0.26610] color: 16 (rgba 5650), depth: 24, stencil: 0, acc: 0000, samples: 0/0
display  D   display_settings.c:527  _al_score_display_settings       [   0.26611] Score is : 769
display  D   display_settings.c:212  debug_display_settings           [   0.26612] color: 16 (rgba 5650), depth: 24, stencil: 0, acc: 0000, samples: 0/0
display  D   display_settings.c:527  _al_score_display_settings       [   0.26613] Score is : 769
display  D   display_settings.c:212  debug_display_settings           [   0.26614] color: 16 (rgba 5650), depth: 24, stencil: 0, acc: 0000, samples: 2/1
display  D   display_settings.c:527  _al_score_display_settings       [   0.26615] Score is : 598
display  D   display_settings.c:212  debug_display_settings           [   0.26616] color: 16 (rgba 5650), depth: 24, stencil: 0, acc: 0000, samples: 3/1
display  D   display_settings.c:527  _al_score_display_settings       [   0.26617] Score is : 593
display  D   display_settings.c:212  debug_display_settings           [   0.26618] color: 16 (rgba 5650), depth: 24, stencil: 0, acc: 0000, samples: 4/1
display  D   display_settings.c:527  _al_score_display_settings       [   0.26619] Score is : 589
display  D   display_settings.c:212  debug_display_settings           [   0.26619] color: 16 (rgba 5650), depth: 16, stencil: 0, acc: 0000, samples: 0/0
display  D   display_settings.c:527  _al_score_display_settings       [   0.26621] Score is : 769
display  D   display_settings.c:212  debug_display_settings           [   0.26621] color: 16 (rgba 5650), depth: 16, stencil: 0, acc: 0000, samples: 0/0
display  D   display_settings.c:527  _al_score_display_settings       [   0.26622] Score is : 769
display  D   display_settings.c:212  debug_display_settings           [   0.26623] color: 16 (rgba 5650), depth: 16, stencil: 0, acc: 0000, samples: 2/1
display  D   display_settings.c:527  _al_score_display_settings       [   0.26624] Score is : 598
display  D   display_settings.c:212  debug_display_settings           [   0.26625] color: 16 (rgba 5650), depth: 16, stencil: 0, acc: 0000, samples: 3/1
display  D   display_settings.c:527  _al_score_display_settings       [   0.26626] Score is : 593
display  D   display_settings.c:212  debug_display_settings           [   0.26627] color: 16 (rgba 5650), depth: 16, stencil: 0, acc: 0000, samples: 4/1
display  D   display_settings.c:527  _al_score_display_settings       [   0.26628] Score is : 589
display  D   display_settings.c:212  debug_display_settings           [   0.26629] color: 32 (rgba 8880), depth: 0, stencil: 0, acc: 0000, samples: 0/0
display  D   display_settings.c:398  _al_score_display_settings       [   0.26630] Single Buffer requirement not met.
display  D   display_settings.c:212  debug_display_settings           [   0.26631] color: 32 (rgba 8880), depth: 0, stencil: 0, acc: 0000, samples: 0/0
display  D   display_settings.c:398  _al_score_display_settings       [   0.26632] Single Buffer requirement not met.
display  D   display_settings.c:212  debug_display_settings           [   0.26633] color: 32 (rgba 8880), depth: 0, stencil: 0, acc: 0000, samples: 2/1
display  D   display_settings.c:398  _al_score_display_settings       [   0.26634] Single Buffer requirement not met.
display  D   display_settings.c:212  debug_display_settings           [   0.26635] color: 32 (rgba 8880), depth: 0, stencil: 0, acc: 0000, samples: 3/1
display  D   display_settings.c:398  _al_score_display_settings       [   0.26636] Single Buffer requirement not met.
display  D   display_settings.c:212  debug_display_settings           [   0.26636] color: 32 (rgba 8880), depth: 0, stencil: 0, acc: 0000, samples: 4/1
display  D   display_settings.c:398  _al_score_display_settings       [   0.26637] Single Buffer requirement not met.
display  D   display_settings.c:212  debug_display_settings           [   0.26638] color: 32 (rgba 8880), depth: 24, stencil: 8, acc: 0000, samples: 0/0
display  D   display_settings.c:398  _al_score_display_settings       [   0.26639] Single Buffer requirement not met.
display  D   display_settings.c:212  debug_display_settings           [   0.26642] color: 32 (rgba 8880), depth: 24, stencil: 8, acc: 0000, samples: 0/0
display  D   display_settings.c:398  _al_score_display_settings       [   0.26644] Single Buffer requirement not met.
display  D   display_settings.c:212  debug_display_settings           [   0.26645] color: 32 (rgba 8880), depth: 24, stencil: 8, acc: 0000, samples: 2/1
display  D   display_settings.c:398  _al_score_display_settings       [   0.26646] Single Buffer requirement not met.
display  D   display_settings.c:212  debug_display_settings           [   0.26646] color: 32 (rgba 8880), depth: 24, stencil: 8, acc: 0000, samples: 3/1
display  D   display_settings.c:398  _al_score_display_settings       [   0.26648] Single Buffer requirement not met.
display  D   display_settings.c:212  debug_display_settings           [   0.26648] color: 32 (rgba 8880), depth: 24, stencil: 8, acc: 0000, samples: 4/1
display  D   display_settings.c:398  _al_score_display_settings       [   0.26649] Single Buffer requirement not met.
display  D   display_settings.c:212  debug_display_settings           [   0.26650] color: 32 (rgba 8880), depth: 24, stencil: 0, acc: 0000, samples: 0/0
display  D   display_settings.c:398  _al_score_display_settings       [   0.26651] Single Buffer requirement not met.
display  D   display_settings.c:212  debug_display_settings           [   0.26652] color: 32 (rgba 8880), depth: 24, stencil: 0, acc: 0000, samples: 0/0
display  D   display_settings.c:398  _al_score_display_settings       [   0.26653] Single Buffer requirement not met.
display  D   display_settings.c:212  debug_display_settings           [   0.26654] color: 32 (rgba 8880), depth: 24, stencil: 0, acc: 0000, samples: 2/1
display  D   display_settings.c:398  _al_score_display_settings       [   0.26655] Single Buffer requirement not met.
display  D   display_settings.c:212  debug_display_settings           [   0.26656] color: 32 (rgba 8880), depth: 24, stencil: 0, acc: 0000, samples: 3/1
display  D   display_settings.c:398  _al_score_display_settings       [   0.26657] Single Buffer requirement not met.
display  D   display_settings.c:212  debug_display_settings           [   0.26658] color: 32 (rgba 8880), depth: 24, stencil: 0, acc: 0000, samples: 4/1
display  D   display_settings.c:398  _al_score_display_settings       [   0.26659] Single Buffer requirement not met.
display  D   display_settings.c:212  debug_display_settings           [   0.26660] color: 32 (rgba 8880), depth: 16, stencil: 0, acc: 0000, samples: 0/0
display  D   display_settings.c:398  _al_score_display_settings       [   0.26661] Single Buffer requirement not met.
display  D   display_settings.c:212  debug_display_settings           [   0.26662] color: 32 (rgba 8880), depth: 16, stencil: 0, acc: 0000, samples: 0/0
display  D   display_settings.c:398  _al_score_display_settings       [   0.26663] Single Buffer requirement not met.
display  D   display_settings.c:212  debug_display_settings           [   0.26664] color: 32 (rgba 8880), depth: 16, stencil: 0, acc: 0000, samples: 2/1
display  D   display_settings.c:398  _al_score_display_settings       [   0.26665] Single Buffer requirement not met.
display  D   display_settings.c:212  debug_display_settings           [   0.26665] color: 32 (rgba 8880), depth: 16, stencil: 0, acc: 0000, samples: 3/1
display  D   display_settings.c:398  _al_score_display_settings       [   0.26667] Single Buffer requirement not met.
display  D   display_settings.c:212  debug_display_settings           [   0.26667] color: 32 (rgba 8880), depth: 16, stencil: 0, acc: 0000, samples: 4/1
display  D   display_settings.c:398  _al_score_display_settings       [   0.26668] Single Buffer requirement not met.
display  D   display_settings.c:212  debug_display_settings           [   0.26669] color: 16 (rgba 5650), depth: 0, stencil: 0, acc: 0000, samples: 0/0
display  D   display_settings.c:398  _al_score_display_settings       [   0.26670] Single Buffer requirement not met.
display  D   display_settings.c:212  debug_display_settings           [   0.26671] color: 16 (rgba 5650), depth: 0, stencil: 0, acc: 0000, samples: 0/0
display  D   display_settings.c:398  _al_score_display_settings       [   0.26673] Single Buffer requirement not met.
display  D   display_settings.c:212  debug_display_settings           [   0.26674] color: 16 (rgba 5650), depth: 0, stencil: 0, acc: 0000, samples: 2/1
display  D   display_settings.c:398  _al_score_display_settings       [   0.26675] Single Buffer requirement not met.
display  D   display_settings.c:212  debug_display_settings           [   0.26676] color: 16 (rgba 5650), depth: 0, stencil: 0, acc: 0000, samples: 3/1
display  D   display_settings.c:398  _al_score_display_settings       [   0.26677] Single Buffer requirement not met.
display  D   display_settings.c:212  debug_display_settings           [   0.26677] color: 16 (rgba 5650), depth: 0, stencil: 0, acc: 0000, samples: 4/1
display  D   display_settings.c:398  _al_score_display_settings       [   0.26679] Single Buffer requirement not met.
display  D   display_settings.c:212  debug_display_settings           [   0.26679] color: 16 (rgba 5650), depth: 24, stencil: 8, acc: 0000, samples: 0/0
display  D   display_settings.c:398  _al_score_display_settings       [   0.26681] Single Buffer requirement not met.
display  D   display_settings.c:212  debug_display_settings           [   0.26681] color: 16 (rgba 5650), depth: 24, stencil: 8, acc: 0000, samples: 0/0
display  D   display_settings.c:398  _al_score_display_settings       [   0.26682] Single Buffer requirement not met.
display  D   display_settings.c:212  debug_display_settings           [   0.26683] color: 16 (rgba 5650), depth: 24, stencil: 8, acc: 0000, samples: 2/1
display  D   display_settings.c:398  _al_score_display_settings       [   0.26684] Single Buffer requirement not met.
display  D   display_settings.c:212  debug_display_settings           [   0.26685] color: 16 (rgba 5650), depth: 24, stencil: 8, acc: 0000, samples: 3/1
display  D   display_settings.c:398  _al_score_display_settings       [   0.26686] Single Buffer requirement not met.
display  D   display_settings.c:212  debug_display_settings           [   0.26687] color: 16 (rgba 5650), depth: 24, stencil: 8, acc: 0000, samples: 4/1
display  D   display_settings.c:398  _al_score_display_settings       [   0.26688] Single Buffer requirement not met.
display  D   display_settings.c:212  debug_display_settings           [   0.26689] color: 16 (rgba 5650), depth: 24, stencil: 0, acc: 0000, samples: 0/0
display  D   display_settings.c:398  _al_score_display_settings       [   0.26690] Single Buffer requirement not met.
display  D   display_settings.c:212  debug_display_settings           [   0.26691] color: 16 (rgba 5650), depth: 24, stencil: 0, acc: 0000, samples: 0/0
display  D   display_settings.c:398  _al_score_display_settings       [   0.26693] Single Buffer requirement not met.
display  D   display_settings.c:212  debug_display_settings           [   0.26693] color: 16 (rgba 5650), depth: 24, stencil: 0, acc: 0000, samples: 2/1
display  D   display_settings.c:398  _al_score_display_settings       [   0.26694] Single Buffer requirement not met.
display  D   display_settings.c:212  debug_display_settings           [   0.26695] color: 16 (rgba 5650), depth: 24, stencil: 0, acc: 0000, samples: 3/1
display  D   display_settings.c:398  _al_score_display_settings       [   0.26696] Single Buffer requirement not met.
display  D   display_settings.c:212  debug_display_settings           [   0.26697] color: 16 (rgba 5650), depth: 24, stencil: 0, acc: 0000, samples: 4/1
display  D   display_settings.c:398  _al_score_display_settings       [   0.26698] Single Buffer requirement not met.
display  D   display_settings.c:212  debug_display_settings           [   0.26699] color: 16 (rgba 5650), depth: 16, stencil: 0, acc: 0000, samples: 0/0
display  D   display_settings.c:398  _al_score_display_settings       [   0.26700] Single Buffer requirement not met.
display  D   display_settings.c:212  debug_display_settings           [   0.26701] color: 16 (rgba 5650), depth: 16, stencil: 0, acc: 0000, samples: 0/0
display  D   display_settings.c:398  _al_score_display_settings       [   0.26702] Single Buffer requirement not met.
display  D   display_settings.c:212  debug_display_settings           [   0.26703] color: 16 (rgba 5650), depth: 16, stencil: 0, acc: 0000, samples: 2/1
display  D   display_settings.c:398  _al_score_display_settings       [   0.26704] Single Buffer requirement not met.
display  D   display_settings.c:212  debug_display_settings           [   0.26705] color: 16 (rgba 5650), depth: 16, stencil: 0, acc: 0000, samples: 3/1
display  D   display_settings.c:398  _al_score_display_settings       [   0.26706] Single Buffer requirement not met.
display  D   display_settings.c:212  debug_display_settings           [   0.26707] color: 16 (rgba 5650), depth: 16, stencil: 0, acc: 0000, samples: 4/1
display  D   display_settings.c:398  _al_score_display_settings       [   0.26708] Single Buffer requirement not met.
d3d      D         d3d_disp.cpp:1668 d3d_create_display_internals     [   0.26712] Trying format 0.
d3d      I         d3d_disp.cpp:1344 d3d_display_thread_proc          [   0.26766] Chose a display format: 23
d3d      I         d3d_disp.cpp:1413 d3d_display_thread_proc          [   0.26770] Normal window.
d3d      I         d3d_disp.cpp:781  d3d_create_device                [   0.29087] Using no depth stencil buffer
d3d      D         d3d_disp.cpp:839  d3d_create_device                [   0.46316] BeginScene succeeded in create_device
d3d      D         d3d_disp.cpp:847  d3d_create_device                [   0.46320] Success
d3d      D         d3d_disp.cpp:1691 d3d_create_display_internals     [   0.46323] Resumed after wait.
d3d      I         d3d_disp.cpp:1724 d3d_create_display_internals     [   0.46327] Format 0 succeeded.
d3d      D         d3d_disp.cpp:1755 d3d_create_display_internals     [   0.46329] Returning d3d_display: 00591300
d3d      D         d3d_disp.cpp:1780 d3d_create_display_locked        [   0.46330] al_display=00591300
d3d      D         d3d_disp.cpp:1781 d3d_create_display_locked        [   0.46331] al_display->vt=03BE6698
system   D            wsystem.c:802  maybe_parent_dir                 [   0.46344] Also searching C:\Users\mehme\Desktop\BOLUM\Allegro Ã‡alÄ±sma\Word Search ALLEGROLU\
system   D            wsystem.c:852  _al_win_safe_load_library        [   0.46359] PathFindOnPath found: C:\Windows\system32\d3dx9_43.dll
system   D            wsystem.c:763  load_library_at_path             [   0.46360] Calling LoadLibrary C:\Windows\system32\d3dx9_43.dll
system   I            wsystem.c:766  load_library_at_path             [   0.46388] Loaded C:\Windows\system32\d3dx9_43.dll
d3dx9    I        d3d_d3dx9.cpp:88   _imp_load_d3dx9_module_version   [   0.46391] Module "d3dx9_43.dll" loaded.
dtor     D               dtor.c:196  _al_register_destructor          [   0.46395] added dtor for queue 08CB57D0, func 7B601541
dtor     D               dtor.c:196  _al_register_destructor          [   0.46396] added dtor for timer 08CE0A28, func 7B60168B
stdio    D         file_stdio.c:110  file_stdio_fopen                 [   0.46397] opening background.png rb
stdio    D         file_stdio.c:110  file_stdio_fopen                 [   0.46411] opening background.png rb
d3d      D         d3d_disp.cpp:1188 real_choose_bitmap_format        [   0.46423] Fake format
d3d      D         d3d_disp.cpp:1188 real_choose_bitmap_format        [   0.46424] Fake format
d3d      D         d3d_disp.cpp:1188 real_choose_bitmap_format        [   0.46425] Fake format
d3d      D         d3d_disp.cpp:1188 real_choose_bitmap_format        [   0.46426] Fake format
d3d      D         d3d_disp.cpp:1188 real_choose_bitmap_format        [   0.46426] Fake format
d3d      D         d3d_disp.cpp:1188 real_choose_bitmap_format        [   0.46427] Fake format
d3d      D         d3d_disp.cpp:1188 real_choose_bitmap_format        [   0.46428] Fake format
d3d      D         d3d_disp.cpp:1188 real_choose_bitmap_format        [   0.46429] Fake format
d3d      D         d3d_disp.cpp:1188 real_choose_bitmap_format        [   0.46430] Fake format
d3d      D         d3d_disp.cpp:1196 real_choose_bitmap_format        [   0.46431] Alpha doesn't match
d3d      D         d3d_disp.cpp:1203 real_choose_bitmap_format        [   0.46432] Adapter format is 23
d3d      D         d3d_disp.cpp:1206 real_choose_bitmap_format        [   0.46433] Found a format
d3d      I         d3d_disp.cpp:2377 d3d_create_bitmap                [   0.46434] Chose bitmap format 9
dtor     D               dtor.c:196  _al_register_destructor          [   0.46527] added dtor for bitmap 08CB59E8, func 7B6023E7
stdio    D         file_stdio.c:110  file_stdio_fopen                 [   0.47184] opening wordgame.png rb
stdio    D         file_stdio.c:110  file_stdio_fopen                 [   0.47199] opening wordgame.png rb
d3d      D         d3d_disp.cpp:1188 real_choose_bitmap_format        [   0.47208] Fake format
d3d      D         d3d_disp.cpp:1188 real_choose_bitmap_format        [   0.47209] Fake format
d3d      D         d3d_disp.cpp:1188 real_choose_bitmap_format        [   0.47210] Fake format
d3d      D         d3d_disp.cpp:1188 real_choose_bitmap_format        [   0.47211] Fake format
d3d      D         d3d_disp.cpp:1188 real_choose_bitmap_format        [   0.47211] Fake format
d3d      D         d3d_disp.cpp:1188 real_choose_bitmap_format        [   0.47212] Fake format
d3d      D         d3d_disp.cpp:1188 real_choose_bitmap_format        [   0.47213] Fake format
d3d      D         d3d_disp.cpp:1188 real_choose_bitmap_format        [   0.47214] Fake format
d3d      D         d3d_disp.cpp:1188 real_choose_bitmap_format        [   0.47214] Fake format
d3d      D         d3d_disp.cpp:1196 real_choose_bitmap_format        [   0.47215] Alpha doesn't match
d3d      D         d3d_disp.cpp:1203 real_choose_bitmap_format        [   0.47216] Adapter format is 23
d3d      D         d3d_disp.cpp:1206 real_choose_bitmap_format        [   0.47217] Found a format
d3d      I         d3d_disp.cpp:2377 d3d_create_bitmap                [   0.47218] Chose bitmap format 9
dtor     D               dtor.c:196  _al_register_destructor          [   0.47400] added dtor for bitmap 08CBCB88, func 7B6023E7
stdio    D         file_stdio.c:110  file_stdio_fopen                 [   0.47468] opening wordgame2.png rb
stdio    D         file_stdio.c:110  file_stdio_fopen                 [   0.47479] opening wordgame2.png rb
d3d      D         d3d_disp.cpp:1188 real_choose_bitmap_format        [   0.47484] Fake format
d3d      D         d3d_disp.cpp:1188 real_choose_bitmap_format        [   0.47485] Fake format
d3d      D         d3d_disp.cpp:1188 real_choose_bitmap_format        [   0.47486] Fake format
d3d      D         d3d_disp.cpp:1188 real_choose_bitmap_format        [   0.47487] Fake format
d3d      D         d3d_disp.cpp:1188 real_choose_bitmap_format        [   0.47487] Fake format
d3d      D         d3d_disp.cpp:1188 real_choose_bitmap_format        [   0.47488] Fake format
d3d      D         d3d_disp.cpp:1188 real_choose_bitmap_format        [   0.47489] Fake format
d3d      D         d3d_disp.cpp:1188 real_choose_bitmap_format        [   0.47490] Fake format
d3d      D         d3d_disp.cpp:1188 real_choose_bitmap_format        [   0.47490] Fake format
d3d      D         d3d_disp.cpp:1196 real_choose_bitmap_format        [   0.47491] Alpha doesn't match
d3d      D         d3d_disp.cpp:1203 real_choose_bitmap_format        [   0.47492] Adapter format is 23
d3d      D         d3d_disp.cpp:1206 real_choose_bitmap_format        [   0.47493] Found a format
d3d      I         d3d_disp.cpp:2377 d3d_create_bitmap                [   0.47494] Chose bitmap format 9
dtor     D               dtor.c:196  _al_register_destructor          [   0.47556] added dtor for bitmap 03C05330, func 7B6023E7
stdio    D         file_stdio.c:110  file_stdio_fopen                 [   0.47723] opening gameover.png rb
stdio    D         file_stdio.c:110  file_stdio_fopen                 [   0.47737] opening gameover.png rb
d3d      D         d3d_disp.cpp:1188 real_choose_bitmap_format        [   0.47744] Fake format
d3d      D         d3d_disp.cpp:1188 real_choose_bitmap_format        [   0.47745] Fake format
d3d      D         d3d_disp.cpp:1188 real_choose_bitmap_format        [   0.47745] Fake format
d3d      D         d3d_disp.cpp:1188 real_choose_bitmap_format        [   0.47746] Fake format
d3d      D         d3d_disp.cpp:1188 real_choose_bitmap_format        [   0.47747] Fake format
d3d      D         d3d_disp.cpp:1188 real_choose_bitmap_format        [   0.47748] Fake format
d3d      D         d3d_disp.cpp:1188 real_choose_bitmap_format        [   0.47749] Fake format
d3d      D         d3d_disp.cpp:1188 real_choose_bitmap_format        [   0.47749] Fake format
d3d      D         d3d_disp.cpp:1188 real_choose_bitmap_format        [   0.47750] Fake format
d3d      D         d3d_disp.cpp:1196 real_choose_bitmap_format        [   0.47751] Alpha doesn't match
d3d      D         d3d_disp.cpp:1203 real_choose_bitmap_format        [   0.47752] Adapter format is 23
d3d      D         d3d_disp.cpp:1206 real_choose_bitmap_format        [   0.47753] Found a format
d3d      I         d3d_disp.cpp:2377 d3d_create_bitmap                [   0.47754] Chose bitmap format 9
dtor     D               dtor.c:196  _al_register_destructor          [   0.47802] added dtor for bitmap 08DE36B0, func 7B6023E7
stdio    D         file_stdio.c:110  file_stdio_fopen                 [   0.48035] opening start.png rb
stdio    D         file_stdio.c:110  file_stdio_fopen                 [   0.48050] opening start.png rb
d3d      D         d3d_disp.cpp:1188 real_choose_bitmap_format        [   0.48056] Fake format
d3d      D         d3d_disp.cpp:1188 real_choose_bitmap_format        [   0.48057] Fake format
d3d      D         d3d_disp.cpp:1188 real_choose_bitmap_format        [   0.48058] Fake format
d3d      D         d3d_disp.cpp:1188 real_choose_bitmap_format        [   0.48059] Fake format
d3d      D         d3d_disp.cpp:1188 real_choose_bitmap_format        [   0.48060] Fake format
d3d      D         d3d_disp.cpp:1188 real_choose_bitmap_format        [   0.48061] Fake format
d3d      D         d3d_disp.cpp:1188 real_choose_bitmap_format        [   0.48061] Fake format
d3d      D         d3d_disp.cpp:1188 real_choose_bitmap_format        [   0.48062] Fake format
d3d      D         d3d_disp.cpp:1188 real_choose_bitmap_format        [   0.48063] Fake format
d3d      D         d3d_disp.cpp:1196 real_choose_bitmap_format        [   0.48064] Alpha doesn't match
d3d      D         d3d_disp.cpp:1203 real_choose_bitmap_format        [   0.48064] Adapter format is 23
d3d      D         d3d_disp.cpp:1206 real_choose_bitmap_format        [   0.48065] Found a format
d3d      I         d3d_disp.cpp:2377 d3d_create_bitmap                [   0.48066] Chose bitmap format 9
dtor     D               dtor.c:196  _al_register_destructor          [   0.48099] added dtor for bitmap 08DE32B0, func 7B6023E7
stdio    D         file_stdio.c:110  file_stdio_fopen                 [   0.48142] opening winner.png rb
stdio    D         file_stdio.c:110  file_stdio_fopen                 [   0.48154] opening winner.png rb
d3d      D         d3d_disp.cpp:1188 real_choose_bitmap_format        [   0.48161] Fake format
d3d      D         d3d_disp.cpp:1188 real_choose_bitmap_format        [   0.48162] Fake format
d3d      D         d3d_disp.cpp:1188 real_choose_bitmap_format        [   0.48163] Fake format
d3d      D         d3d_disp.cpp:1188 real_choose_bitmap_format        [   0.48164] Fake format
d3d      D         d3d_disp.cpp:1188 real_choose_bitmap_format        [   0.48165] Fake format
d3d      D         d3d_disp.cpp:1188 real_choose_bitmap_format        [   0.48166] Fake format
d3d      D         d3d_disp.cpp:1188 real_choose_bitmap_format        [   0.48167] Fake format
d3d      D         d3d_disp.cpp:1188 real_choose_bitmap_format        [   0.48168] Fake format
d3d      D         d3d_disp.cpp:1188 real_choose_bitmap_format        [   0.48170] Fake format
d3d      D         d3d_disp.cpp:1196 real_choose_bitmap_format        [   0.48171] Alpha doesn't match
d3d      D         d3d_disp.cpp:1203 real_choose_bitmap_format        [   0.48172] Adapter format is 23
d3d      D         d3d_disp.cpp:1206 real_choose_bitmap_format        [   0.48173] Found a format
d3d      I         d3d_disp.cpp:2377 d3d_create_bitmap                [   0.48174] Chose bitmap format 9
dtor     D               dtor.c:196  _al_register_destructor          [   0.48228] added dtor for bitmap 08DE3450, func 7B6023E7
stdio    D         file_stdio.c:110  file_stdio_fopen                 [   0.48602] opening tekrar.png rb
stdio    D         file_stdio.c:110  file_stdio_fopen                 [   0.48616] opening tekrar.png rb
d3d      D         d3d_disp.cpp:1188 real_choose_bitmap_format        [   0.48622] Fake format
d3d      D         d3d_disp.cpp:1188 real_choose_bitmap_format        [   0.48623] Fake format
d3d      D         d3d_disp.cpp:1188 real_choose_bitmap_format        [   0.48623] Fake format
d3d      D         d3d_disp.cpp:1188 real_choose_bitmap_format        [   0.48624] Fake format
d3d      D         d3d_disp.cpp:1188 real_choose_bitmap_format        [   0.48625] Fake format
d3d      D         d3d_disp.cpp:1188 real_choose_bitmap_format        [   0.48626] Fake format
d3d      D         d3d_disp.cpp:1188 real_choose_bitmap_format        [   0.48626] Fake format
d3d      D         d3d_disp.cpp:1188 real_choose_bitmap_format        [   0.48627] Fake format
d3d      D         d3d_disp.cpp:1188 real_choose_bitmap_format        [   0.48628] Fake format
d3d      D         d3d_disp.cpp:1196 real_choose_bitmap_format        [   0.48629] Alpha doesn't match
d3d      D         d3d_disp.cpp:1203 real_choose_bitmap_format        [   0.48630] Adapter format is 23
d3d      D         d3d_disp.cpp:1206 real_choose_bitmap_format        [   0.48631] Found a format
d3d      I         d3d_disp.cpp:2377 d3d_create_bitmap                [   0.48631] Chose bitmap format 9
dtor     D               dtor.c:196  _al_register_destructor          [   0.48670] added dtor for bitmap 08DE3008, func 7B6023E7
stdio    D         file_stdio.c:110  file_stdio_fopen                 [   0.48738] opening mouse2.png rb
stdio    D         file_stdio.c:110  file_stdio_fopen                 [   0.48752] opening mouse2.png rb
d3d      D         d3d_disp.cpp:1188 real_choose_bitmap_format        [   0.48759] Fake format
d3d      D         d3d_disp.cpp:1188 real_choose_bitmap_format        [   0.48760] Fake format
d3d      D         d3d_disp.cpp:1188 real_choose_bitmap_format        [   0.48761] Fake format
d3d      D         d3d_disp.cpp:1188 real_choose_bitmap_format        [   0.48762] Fake format
d3d      D         d3d_disp.cpp:1188 real_choose_bitmap_format        [   0.48763] Fake format
d3d      D         d3d_disp.cpp:1188 real_choose_bitmap_format        [   0.48764] Fake format
d3d      D         d3d_disp.cpp:1188 real_choose_bitmap_format        [   0.48765] Fake format
d3d      D         d3d_disp.cpp:1188 real_choose_bitmap_format        [   0.48766] Fake format
d3d      D         d3d_disp.cpp:1188 real_choose_bitmap_format        [   0.48767] Fake format
d3d      D         d3d_disp.cpp:1196 real_choose_bitmap_format        [   0.48768] Alpha doesn't match
d3d      D         d3d_disp.cpp:1203 real_choose_bitmap_format        [   0.48769] Adapter format is 23
d3d      D         d3d_disp.cpp:1206 real_choose_bitmap_format        [   0.48771] Found a format
d3d      I         d3d_disp.cpp:2377 d3d_create_bitmap                [   0.48772] Chose bitmap format 9
dtor     D               dtor.c:196  _al_register_destructor          [   0.48815] added dtor for bitmap 08D94E58, func 7B6023E7
stdio    D         file_stdio.c:110  file_stdio_fopen                 [   0.48867] opening arial.ttf rb
font     D                ttf.c:942  al_load_ttf_font_stretch_f       [   0.48890] Font arial.ttf loaded with pixel size 0 x 48.
font     D                ttf.c:944  al_load_ttf_font_stretch_f       [   0.48892]     ascent=44.0, descent=-11.0, height=55.0
dtor     D               dtor.c:196  _al_register_destructor          [   0.48894] added dtor for ttf_font 08FC3C98, func 7B4C11B3
stdio    D         file_stdio.c:110  file_stdio_fopen                 [   0.48895] opening arial.ttf rb
font     D                ttf.c:942  al_load_ttf_font_stretch_f       [   0.48909] Font arial.ttf loaded with pixel size 0 x 20.
font     D                ttf.c:944  al_load_ttf_font_stretch_f       [   0.48910]     ascent=19.0, descent=-5.0, height=23.0
dtor     D               dtor.c:196  _al_register_destructor          [   0.48911] added dtor for ttf_font 08FC3AD8, func 7B4C11B3
audio-dsound D           dsound.cpp:311  _dsound_allocate_voice           [   0.48913] Allocating voice
audio-dsound D           dsound.cpp:370  _dsound_allocate_voice           [   0.48914] Allocated voice
dtor     D               dtor.c:196  _al_register_destructor          [   0.48915] added dtor for voice 08CECD48, func 7B4813E8
dtor     D               dtor.c:196  _al_register_destructor          [   0.48917] added dtor for mixer 08CE4430, func 7B4813FC
audio-dsound D           dsound.cpp:466  _dsound_start_voice              [   0.48918] Starting voice
audio-dsound D           dsound.cpp:494  _dsound_start_voice              [   0.48919] CreateSoundBuffer
audio-dsound D           dsound.cpp:502  _dsound_start_voice              [   0.49462] CreateSoundBuffer succeeded
audio-dsound D           dsound.cpp:508  _dsound_start_voice              [   0.49468] Starting _dsound_update thread
audio-dsound I           dsound.cpp:518  _dsound_start_voice              [   0.49489] Voice started
dtor     D               dtor.c:196  _al_register_destructor          [   0.49493] added dtor for sample_instance 08D1D918, func 7B481235
audio    D          kcm_mixer.c:121  _al_rechannel_matrix             [   0.49497] sample matrix:
audio    D          kcm_mixer.c:127  _al_rechannel_matrix             [   0.49499] 
audio    D          kcm_mixer.c:127  _al_rechannel_matrix             [   0.49500] 
dtor     D               dtor.c:196  _al_register_destructor          [   0.49502] added dtor for sample_instance 08D1E0C0, func 7B481235
audio    D          kcm_mixer.c:121  _al_rechannel_matrix             [   0.49511] sample matrix:
audio    D          kcm_mixer.c:127  _al_rechannel_matrix             [   0.49514] 
audio    D          kcm_mixer.c:127  _al_rechannel_matrix             [   0.49515] 
audio    D          kcm_mixer.c:121  _al_rechannel_matrix             [   0.59546] sample matrix:
audio    D          kcm_mixer.c:127  _al_rechannel_matrix             [   0.59555]  0.707107 0.000000
audio    D          kcm_mixer.c:127  _al_rechannel_matrix             [   0.59557]  0.000000 0.707107
audio    D          kcm_mixer.c:121  _al_rechannel_matrix             [   0.59559] sample matrix:
audio    D          kcm_mixer.c:127  _al_rechannel_matrix             [   0.59560]  0.353553 0.000000
audio    D          kcm_mixer.c:127  _al_rechannel_matrix             [   0.59562]  0.000000 0.353553
d3d      D         d3d_disp.cpp:1188 real_choose_bitmap_format        [   0.59654] Fake format
d3d      D         d3d_disp.cpp:1188 real_choose_bitmap_format        [   0.59657] Fake format
d3d      D         d3d_disp.cpp:1188 real_choose_bitmap_format        [   0.59659] Fake format
d3d      D         d3d_disp.cpp:1188 real_choose_bitmap_format        [   0.59660] Fake format
d3d      D         d3d_disp.cpp:1188 real_choose_bitmap_format        [   0.59662] Fake format
d3d      D         d3d_disp.cpp:1188 real_choose_bitmap_format        [   0.59663] Fake format
d3d      D         d3d_disp.cpp:1188 real_choose_bitmap_format        [   0.59664] Fake format
d3d      D         d3d_disp.cpp:1188 real_choose_bitmap_format        [   0.59665] Fake format
d3d      D         d3d_disp.cpp:1188 real_choose_bitmap_format        [   0.59667] Fake format
d3d      D         d3d_disp.cpp:1196 real_choose_bitmap_format        [   0.59669] Alpha doesn't match
d3d      D         d3d_disp.cpp:1203 real_choose_bitmap_format        [   0.59671] Adapter format is 23
d3d      D         d3d_disp.cpp:1206 real_choose_bitmap_format        [   0.59672] Found a format
d3d      I         d3d_disp.cpp:2377 d3d_create_bitmap                [   0.59673] Chose bitmap format 9
font     D                ttf.c:242  alloc_glyph_region               [   0.59960] Glyph 37: 14x17 (16x20)
font     D                ttf.c:286  alloc_glyph_region               [   0.59964] Locking glyph region: 0D813C98 0 0 16 20
font     D                ttf.c:166  unlock_current_page              [   0.60156] Unlocking page: 0D813C98
font     D                ttf.c:242  alloc_glyph_region               [   0.60169] Glyph 36: 17x17 (20x20)
font     D                ttf.c:286  alloc_glyph_region               [   0.60173] Locking glyph region: 0D813C98 16 0 20 20
font     D                ttf.c:166  unlock_current_page              [   0.60180] Unlocking page: 0D813C98
font     D                ttf.c:242  alloc_glyph_region               [   0.60187] Glyph 54: 15x17 (16x20)
font     D                ttf.c:286  alloc_glyph_region               [   0.60188] Locking glyph region: 0D813C98 36 0 16 20
font     D                ttf.c:166  unlock_current_page              [   0.60191] Unlocking page: 0D813C98
font     D                ttf.c:242  alloc_glyph_region               [   0.60201] Glyph 47: 12x17 (12x20)
font     D                ttf.c:286  alloc_glyph_region               [   0.60203] Locking glyph region: 0D813C98 52 0 12 20
font     D                ttf.c:166  unlock_current_page              [   0.60207] Unlocking page: 0D813C98
font     D                ttf.c:242  alloc_glyph_region               [   0.60212] Glyph 38: 15x17 (16x20)
font     D                ttf.c:286  alloc_glyph_region               [   0.60213] Locking glyph region: 0D813C98 64 0 16 20
font     D                ttf.c:166  unlock_current_page              [   0.60215] Unlocking page: 0D813C98
font     D                ttf.c:242  alloc_glyph_region               [   0.60218] Glyph 44: 5x17 (8x20)
font     D                ttf.c:286  alloc_glyph_region               [   0.60219] Locking glyph region: 0D813C98 80 0 8 20
font     D                ttf.c:166  unlock_current_page              [   0.60220] Unlocking page: 0D813C98
font     D                ttf.c:242  alloc_glyph_region               [   0.60223] Glyph 46: 15x17 (16x20)
font     D                ttf.c:286  alloc_glyph_region               [   0.60224] Locking glyph region: 0D813C98 88 0 16 20
font     D                ttf.c:166  unlock_current_page              [   0.60225] Unlocking page: 0D813C98
d3d      D          d3d_bmp.cpp:539  _al_d3d_sync_bitmap              [   0.60402] _al_d3d_sync_bitmap (system) ref count == 1
d3d      D          d3d_bmp.cpp:545  _al_d3d_sync_bitmap              [   0.60404] _al_d3d_sync_bitmap (video) ref count == 1
d3d      D          d3d_bmp.cpp:539  _al_d3d_sync_bitmap              [   0.60548] _al_d3d_sync_bitmap (system) ref count == 1
d3d      D          d3d_bmp.cpp:545  _al_d3d_sync_bitmap              [   0.60551] _al_d3d_sync_bitmap (video) ref count == 1
d3d      D          d3d_bmp.cpp:539  _al_d3d_sync_bitmap              [   0.60640] _al_d3d_sync_bitmap (system) ref count == 1
d3d      D          d3d_bmp.cpp:545  _al_d3d_sync_bitmap              [   0.60645] _al_d3d_sync_bitmap (video) ref count == 1
d3d      D          d3d_bmp.cpp:539  _al_d3d_sync_bitmap              [   0.60777] _al_d3d_sync_bitmap (system) ref count == 1
d3d      D          d3d_bmp.cpp:545  _al_d3d_sync_bitmap              [   0.60784] _al_d3d_sync_bitmap (video) ref count == 1
d3d      D          d3d_bmp.cpp:539  _al_d3d_sync_bitmap              [   0.60864] _al_d3d_sync_bitmap (system) ref count == 1
d3d      D          d3d_bmp.cpp:545  _al_d3d_sync_bitmap              [   0.60869] _al_d3d_sync_bitmap (video) ref count == 1
d3d      D          d3d_bmp.cpp:539  _al_d3d_sync_bitmap              [   0.60906] _al_d3d_sync_bitmap (system) ref count == 1
d3d      D          d3d_bmp.cpp:545  _al_d3d_sync_bitmap              [   0.60909] _al_d3d_sync_bitmap (video) ref count == 1
d3d      D          d3d_bmp.cpp:539  _al_d3d_sync_bitmap              [   0.61008] _al_d3d_sync_bitmap (system) ref count == 1
d3d      D          d3d_bmp.cpp:545  _al_d3d_sync_bitmap              [   0.61011] _al_d3d_sync_bitmap (video) ref count == 1
d3d      D          d3d_bmp.cpp:539  _al_d3d_sync_bitmap              [   0.61053] _al_d3d_sync_bitmap (system) ref count == 1
d3d      D          d3d_bmp.cpp:545  _al_d3d_sync_bitmap              [   0.61056] _al_d3d_sync_bitmap (video) ref count == 1
d3d      D          d3d_bmp.cpp:539  _al_d3d_sync_bitmap              [   0.61097] _al_d3d_sync_bitmap (system) ref count == 1
d3d      D          d3d_bmp.cpp:545  _al_d3d_sync_bitmap              [   0.61100] _al_d3d_sync_bitmap (video) ref count == 1
font     D                ttf.c:242  alloc_glyph_region               [   5.20845] Glyph 53: 16x17 (16x20)
font     D                ttf.c:286  alloc_glyph_region               [   5.20848] Locking glyph region: 0D813C98 104 0 16 20
font     D                ttf.c:166  unlock_current_page              [   5.20850] Unlocking page: 0D813C98
font     D                ttf.c:242  alloc_glyph_region               [   5.20855] Glyph 48: 17x17 (20x20)
font     D                ttf.c:286  alloc_glyph_region               [   5.20856] Locking glyph region: 0D813C98 120 0 20 20
font     D                ttf.c:166  unlock_current_page              [   5.21010] Unlocking page: 0D813C98
font     D                ttf.c:242  alloc_glyph_region               [   5.21019] Glyph 56: 14x17 (16x20)
font     D                ttf.c:286  alloc_glyph_region               [   5.21020] Locking glyph region: 0D813C98 140 0 16 20
font     D                ttf.c:166  unlock_current_page              [   5.21023] Unlocking page: 0D813C98
font     D                ttf.c:242  alloc_glyph_region               [   5.21025] Glyph 55: 14x17 (16x20)
font     D                ttf.c:286  alloc_glyph_region               [   5.21026] Locking glyph region: 0D813C98 156 0 16 20
font     D                ttf.c:166  unlock_current_page              [   5.21027] Unlocking page: 0D813C98
font     D                ttf.c:242  alloc_glyph_region               [   5.21031] Glyph 49: 14x17 (16x20)
font     D                ttf.c:286  alloc_glyph_region               [   5.21032] Locking glyph region: 0D813C98 172 0 16 20
font     D                ttf.c:166  unlock_current_page              [   5.21033] Unlocking page: 0D813C98
font     D                ttf.c:242  alloc_glyph_region               [   5.21035] Glyph 43: 14x17 (16x20)
font     D                ttf.c:286  alloc_glyph_region               [   5.21036] Locking glyph region: 0D813C98 188 0 16 20
font     D                ttf.c:166  unlock_current_page              [   5.21038] Unlocking page: 0D813C98
font     D                ttf.c:242  alloc_glyph_region               [   5.21043] Glyph 40: 14x17 (16x20)
font     D                ttf.c:286  alloc_glyph_region               [   5.21043] Locking glyph region: 0D813C98 204 0 16 20
font     D                ttf.c:166  unlock_current_page              [   5.21045] Unlocking page: 0D813C98
d3d      D         d3d_disp.cpp:1188 real_choose_bitmap_format        [   5.21058] Fake format
d3d      D         d3d_disp.cpp:1188 real_choose_bitmap_format        [   5.21059] Fake format
d3d      D         d3d_disp.cpp:1188 real_choose_bitmap_format        [   5.21060] Fake format
d3d      D         d3d_disp.cpp:1188 real_choose_bitmap_format        [   5.21061] Fake format
d3d      D         d3d_disp.cpp:1188 real_choose_bitmap_format        [   5.21061] Fake format
d3d      D         d3d_disp.cpp:1188 real_choose_bitmap_format        [   5.21062] Fake format
d3d      D         d3d_disp.cpp:1188 real_choose_bitmap_format        [   5.21063] Fake format
d3d      D         d3d_disp.cpp:1188 real_choose_bitmap_format        [   5.21064] Fake format
d3d      D         d3d_disp.cpp:1188 real_choose_bitmap_format        [   5.21065] Fake format
d3d      D         d3d_disp.cpp:1196 real_choose_bitmap_format        [   5.21066] Alpha doesn't match
d3d      D         d3d_disp.cpp:1203 real_choose_bitmap_format        [   5.21066] Adapter format is 23
d3d      D         d3d_disp.cpp:1206 real_choose_bitmap_format        [   5.21067] Found a format
d3d      I         d3d_disp.cpp:2377 d3d_create_bitmap                [   5.21068] Chose bitmap format 9
font     D                ttf.c:242  alloc_glyph_region               [   5.21176] Glyph 48: 36x37 (36x40)
font     D                ttf.c:286  alloc_glyph_region               [   5.21181] Locking glyph region: 0D86CB70 0 0 36 40
font     D                ttf.c:166  unlock_current_page              [   5.21494] Unlocking page: 0D86CB70
font     D                ttf.c:242  alloc_glyph_region               [   5.21505] Glyph 43: 30x37 (32x40)
font     D                ttf.c:286  alloc_glyph_region               [   5.21506] Locking glyph region: 0D86CB70 36 0 32 40
font     D                ttf.c:166  unlock_current_page              [   5.21508] Unlocking page: 0D86CB70
font     D                ttf.c:242  alloc_glyph_region               [   5.21513] Glyph 53: 34x37 (36x40)
font     D                ttf.c:286  alloc_glyph_region               [   5.21514] Locking glyph region: 0D86CB70 68 0 36 40
font     D                ttf.c:166  unlock_current_page              [   5.21519] Unlocking page: 0D86CB70
font     D                ttf.c:242  alloc_glyph_region               [   5.21523] Glyph 38: 33x39 (36x40)
font     D                ttf.c:286  alloc_glyph_region               [   5.21524] Locking glyph region: 0D86CB70 104 0 36 40
font     D                ttf.c:166  unlock_current_page              [   5.21526] Unlocking page: 0D86CB70
font     D                ttf.c:242  alloc_glyph_region               [   5.21529] Glyph 44: 8x37 (8x40)
font     D                ttf.c:286  alloc_glyph_region               [   5.21530] Locking glyph region: 0D86CB70 140 0 8 40
font     D                ttf.c:166  unlock_current_page              [   5.21531] Unlocking page: 0D86CB70
font     D                ttf.c:242  alloc_glyph_region               [   5.21534] Glyph 36: 36x37 (36x40)
font     D                ttf.c:286  alloc_glyph_region               [   5.21535] Locking glyph region: 0D86CB70 148 0 36 40
font     D                ttf.c:166  unlock_current_page              [   5.21537] Unlocking page: 0D86CB70
font     D                ttf.c:242  alloc_glyph_region               [   5.21541] Glyph 37: 29x37 (32x40)
font     D                ttf.c:286  alloc_glyph_region               [   5.21542] Locking glyph region: 0D86CB70 184 0 32 40
font     D                ttf.c:166  unlock_current_page              [   5.21543] Unlocking page: 0D86CB70
font     D                ttf.c:242  alloc_glyph_region               [   5.21546] Glyph 55: 30x37 (32x40)
font     D                ttf.c:286  alloc_glyph_region               [   5.21547] Locking glyph region: 0D86CB70 216 0 32 40
font     D                ttf.c:166  unlock_current_page              [   5.21548] Unlocking page: 0D86CB70
font     D                ttf.c:242  alloc_glyph_region               [   5.21551] Glyph 56: 30x38 (32x40)
font     D                ttf.c:286  alloc_glyph_region               [   5.21552] Locking glyph region: 0D86CB70 248 0 32 40
font     D                ttf.c:166  unlock_current_page              [   5.21554] Unlocking page: 0D86CB70
font     D                ttf.c:242  alloc_glyph_region               [   5.21558] Glyph 40: 29x37 (32x40)
font     D                ttf.c:286  alloc_glyph_region               [   5.21558] Locking glyph region: 0D86CB70 280 0 32 40
font     D                ttf.c:166  unlock_current_page              [   5.21560] Unlocking page: 0D86CB70
font     D                ttf.c:242  alloc_glyph_region               [   5.21563] Glyph 47: 24x37 (24x40)
font     D                ttf.c:286  alloc_glyph_region               [   5.21564] Locking glyph region: 0D86CB70 312 0 24 40
font     D                ttf.c:166  unlock_current_page              [   5.21566] Unlocking page: 0D86CB70
font     D                ttf.c:242  alloc_glyph_region               [   5.21569] Glyph 46: 31x37 (32x40)
font     D                ttf.c:286  alloc_glyph_region               [   5.21570] Locking glyph region: 0D86CB70 336 0 32 40
font     D                ttf.c:166  unlock_current_page              [   5.21573] Unlocking page: 0D86CB70
font     D                ttf.c:242  alloc_glyph_region               [   5.21578] Glyph 49: 30x37 (32x40)
font     D                ttf.c:286  alloc_glyph_region               [   5.21579] Locking glyph region: 0D86CB70 368 0 32 40
font     D                ttf.c:166  unlock_current_page              [   5.21580] Unlocking page: 0D86CB70
font     D                ttf.c:242  alloc_glyph_region               [   5.21585] Glyph 58: 47x37 (48x40)
font     D                ttf.c:286  alloc_glyph_region               [   5.21586] Locking glyph region: 0D86CB70 400 0 48 40
font     D                ttf.c:166  unlock_current_page              [   5.21588] Unlocking page: 0D86CB70
font     D                ttf.c:242  alloc_glyph_region               [   5.21591] Glyph 82: 26x29 (28x32)
font     D                ttf.c:286  alloc_glyph_region               [   5.21592] Locking glyph region: 0D86CB70 448 0 28 32
font     D                ttf.c:166  unlock_current_page              [   5.21595] Unlocking page: 0D86CB70
font     D                ttf.c:242  alloc_glyph_region               [   5.21598] Glyph 85: 16x29 (16x32)
font     D                ttf.c:286  alloc_glyph_region               [   5.21598] Locking glyph region: 0D86CB70 476 0 16 32
font     D                ttf.c:166  unlock_current_page              [   5.21600] Unlocking page: 0D86CB70
font     D                ttf.c:242  alloc_glyph_region               [   5.21603] Glyph 71: 25x37 (28x40)
font     D                ttf.c:286  alloc_glyph_region               [   5.21604] Locking glyph region: 0D86CB70 492 0 28 40
font     D                ttf.c:166  unlock_current_page              [   5.21605] Unlocking page: 0D86CB70
font     D                ttf.c:445  cache_glyph                      [   5.21607] Glyph 3 has zero size.
font     D                ttf.c:242  alloc_glyph_region               [   5.21610] Glyph 54: 30x39 (32x40)
font     D                ttf.c:286  alloc_glyph_region               [   5.21611] Locking glyph region: 0D86CB70 520 0 32 40
font     D                ttf.c:166  unlock_current_page              [   5.21613] Unlocking page: 0D86CB70
font     D                ttf.c:242  alloc_glyph_region               [   5.21616] Glyph 72: 26x29 (28x32)
font     D                ttf.c:286  alloc_glyph_region               [   5.21616] Locking glyph region: 0D86CB70 552 0 28 32
font     D                ttf.c:166  unlock_current_page              [   5.21618] Unlocking page: 0D86CB70
font     D                ttf.c:242  alloc_glyph_region               [   5.21621] Glyph 68: 26x29 (28x32)
font     D                ttf.c:286  alloc_glyph_region               [   5.21622] Locking glyph region: 0D86CB70 580 0 28 32
font     D                ttf.c:166  unlock_current_page              [   5.21624] Unlocking page: 0D86CB70
font     D                ttf.c:242  alloc_glyph_region               [   5.21626] Glyph 70: 25x29 (28x32)
font     D                ttf.c:286  alloc_glyph_region               [   5.21627] Locking glyph region: 0D86CB70 608 0 28 32
font     D                ttf.c:166  unlock_current_page              [   5.21629] Unlocking page: 0D86CB70
font     D                ttf.c:242  alloc_glyph_region               [   5.21631] Glyph 75: 23x37 (24x40)
font     D                ttf.c:286  alloc_glyph_region               [   5.21632] Locking glyph region: 0D86CB70 636 0 24 40
font     D                ttf.c:166  unlock_current_page              [   5.21634] Unlocking page: 0D86CB70
font     D                ttf.c:242  alloc_glyph_region               [   5.21638] Glyph 50: 17x17 (20x20)
font     D                ttf.c:286  alloc_glyph_region               [   5.21639] Locking glyph region: 0D813C98 220 0 20 20
font     D                ttf.c:166  unlock_current_page              [   5.21640] Unlocking page: 0D813C98
font     D                ttf.c:242  alloc_glyph_region               [   5.21642] Glyph 29: 5x13 (8x16)
font     D                ttf.c:286  alloc_glyph_region               [   5.21643] Locking glyph region: 0D813C98 240 0 8 16
font     D                ttf.c:166  unlock_current_page              [   5.21649] Unlocking page: 0D813C98
font     D                ttf.c:242  alloc_glyph_region               [   5.21652] Glyph 19: 13x17 (16x20)
font     D                ttf.c:286  alloc_glyph_region               [   5.21653] Locking glyph region: 0D813C98 248 0 16 20
font     D                ttf.c:166  unlock_current_page              [   5.21654] Unlocking page: 0D813C98
font     D                ttf.c:242  alloc_glyph_region               [   5.21657] Glyph 20: 8x17 (8x20)
font     D                ttf.c:286  alloc_glyph_region               [   5.21658] Locking glyph region: 0D813C98 264 0 8 20
font     D                ttf.c:166  unlock_current_page              [   5.21660] Unlocking page: 0D813C98
d3d      D          d3d_bmp.cpp:539  _al_d3d_sync_bitmap              [   5.21681] _al_d3d_sync_bitmap (system) ref count == 1
d3d      D          d3d_bmp.cpp:545  _al_d3d_sync_bitmap              [   5.21683] _al_d3d_sync_bitmap (video) ref count == 1
d3d      D          d3d_bmp.cpp:539  _al_d3d_sync_bitmap              [   5.21838] _al_d3d_sync_bitmap (system) ref count == 1
d3d      D          d3d_bmp.cpp:545  _al_d3d_sync_bitmap              [   5.21842] _al_d3d_sync_bitmap (video) ref count == 1
font     D                ttf.c:242  alloc_glyph_region               [   5.22225] Glyph 76: 5x17 (8x20)
font     D                ttf.c:286  alloc_glyph_region               [   5.22227] Locking glyph region: 0D813C98 272 0 8 20
font     D                ttf.c:166  unlock_current_page              [   5.22229] Unlocking page: 0D813C98
font     D                ttf.c:242  alloc_glyph_region               [   5.22233] Glyph 78: 11x17 (12x20)
font     D                ttf.c:286  alloc_glyph_region               [   5.22234] Locking glyph region: 0D813C98 280 0 12 20
font     D                ttf.c:166  unlock_current_page              [   5.22242] Unlocking page: 0D813C98
font     D                ttf.c:242  alloc_glyph_region               [   5.22245] Glyph 86: 12x13 (12x16)
font     D                ttf.c:286  alloc_glyph_region               [   5.22246] Locking glyph region: 0D813C98 292 0 12 16
font     D                ttf.c:166  unlock_current_page              [   5.22248] Unlocking page: 0D813C98
font     D                ttf.c:445  cache_glyph                      [   5.22249] Glyph 3 has zero size.
font     D                ttf.c:242  alloc_glyph_region               [   5.22252] Glyph 92: 12x17 (12x20)
font     D                ttf.c:286  alloc_glyph_region               [   5.22253] Locking glyph region: 0D813C98 304 0 12 20
font     D                ttf.c:166  unlock_current_page              [   5.22254] Unlocking page: 0D813C98
font     D                ttf.c:242  alloc_glyph_region               [   5.22257] Glyph 68: 13x13 (16x16)
font     D                ttf.c:286  alloc_glyph_region               [   5.22258] Locking glyph region: 0D813C98 316 0 16 16
font     D                ttf.c:166  unlock_current_page              [   5.22260] Unlocking page: 0D813C98
font     D                ttf.c:242  alloc_glyph_region               [   5.22262] Glyph 83: 12x17 (12x20)
font     D                ttf.c:286  alloc_glyph_region               [   5.22263] Locking glyph region: 0D813C98 332 0 12 20
font     D                ttf.c:166  unlock_current_page              [   5.22264] Unlocking page: 0D813C98
font     D                ttf.c:242  alloc_glyph_region               [   5.22268] Glyph 80: 17x13 (20x16)
font     D                ttf.c:286  alloc_glyph_region               [   5.22269] Locking glyph region: 0D813C98 344 0 20 16
font     D                ttf.c:166  unlock_current_page              [   5.22270] Unlocking page: 0D813C98
font     D                ttf.c:242  alloc_glyph_region               [   5.22272] Glyph 70: 12x13 (12x16)
font     D                ttf.c:286  alloc_glyph_region               [   5.22273] Locking glyph region: 0D813C98 364 0 12 16
font     D                ttf.c:166  unlock_current_page              [   5.22275] Unlocking page: 0D813C98
font     D                ttf.c:242  alloc_glyph_region               [   5.22277] Glyph 81: 11x13 (12x16)
font     D                ttf.c:286  alloc_glyph_region               [   5.22278] Locking glyph region: 0D813C98 376 0 12 16
font     D                ttf.c:166  unlock_current_page              [   5.22279] Unlocking page: 0D813C98
font     D                ttf.c:242  alloc_glyph_region               [   5.22282] Glyph 69: 12x17 (12x20)
font     D                ttf.c:286  alloc_glyph_region               [   5.22283] Locking glyph region: 0D813C98 388 0 12 20
font     D                ttf.c:166  unlock_current_page              [   5.22284] Unlocking page: 0D813C98
font     D                ttf.c:242  alloc_glyph_region               [   5.22287] Glyph 93: 12x13 (12x16)
font     D                ttf.c:286  alloc_glyph_region               [   5.22288] Locking glyph region: 0D813C98 400 0 12 16
font     D                ttf.c:166  unlock_current_page              [   5.22289] Unlocking page: 0D813C98
d3d      D          d3d_bmp.cpp:539  _al_d3d_sync_bitmap              [   5.22366] _al_d3d_sync_bitmap (system) ref count == 1
d3d      D          d3d_bmp.cpp:545  _al_d3d_sync_bitmap              [   5.22368] _al_d3d_sync_bitmap (video) ref count == 1
font     D                ttf.c:242  alloc_glyph_region               [   5.91703] Glyph 28: 13x17 (16x20)
font     D                ttf.c:286  alloc_glyph_region               [   5.91705] Locking glyph region: 0D813C98 412 0 16 20
font     D                ttf.c:166  unlock_current_page              [   5.91707] Unlocking page: 0D813C98
d3d      D          d3d_bmp.cpp:539  _al_d3d_sync_bitmap              [   5.91781] _al_d3d_sync_bitmap (system) ref count == 1
d3d      D          d3d_bmp.cpp:545  _al_d3d_sync_bitmap              [   5.91784] _al_d3d_sync_bitmap (video) ref count == 1
font     D                ttf.c:242  alloc_glyph_region               [   6.91628] Glyph 27: 13x17 (16x20)
font     D                ttf.c:286  alloc_glyph_region               [   6.91630] Locking glyph region: 0D813C98 428 0 16 20
font     D                ttf.c:166  unlock_current_page              [   6.91632] Unlocking page: 0D813C98
d3d      D          d3d_bmp.cpp:539  _al_d3d_sync_bitmap              [   6.91672] _al_d3d_sync_bitmap (system) ref count == 1
d3d      D          d3d_bmp.cpp:545  _al_d3d_sync_bitmap              [   6.91674] _al_d3d_sync_bitmap (video) ref count == 1
font     D                ttf.c:242  alloc_glyph_region               [   7.91591] Glyph 26: 13x17 (16x20)
font     D                ttf.c:286  alloc_glyph_region               [   7.91593] Locking glyph region: 0D813C98 444 0 16 20
font     D                ttf.c:166  unlock_current_page              [   7.91595] Unlocking page: 0D813C98
d3d      D          d3d_bmp.cpp:539  _al_d3d_sync_bitmap              [   7.91630] _al_d3d_sync_bitmap (system) ref count == 1
d3d      D          d3d_bmp.cpp:545  _al_d3d_sync_bitmap              [   7.91631] _al_d3d_sync_bitmap (video) ref count == 1
font     D                ttf.c:242  alloc_glyph_region               [   9.29227] Glyph 25: 13x17 (16x20)
font     D                ttf.c:286  alloc_glyph_region               [   9.29229] Locking glyph region: 0D813C98 460 0 16 20
font     D                ttf.c:166  unlock_current_page              [   9.29231] Unlocking page: 0D813C98
d3d      D          d3d_bmp.cpp:539  _al_d3d_sync_bitmap              [   9.29277] _al_d3d_sync_bitmap (system) ref count == 1
d3d      D          d3d_bmp.cpp:545  _al_d3d_sync_bitmap              [   9.29279] _al_d3d_sync_bitmap (video) ref count == 1
font     D                ttf.c:242  alloc_glyph_region               [  10.29922] Glyph 24: 13x17 (16x20)
font     D                ttf.c:286  alloc_glyph_region               [  10.29924] Locking glyph region: 0D813C98 476 0 16 20
font     D                ttf.c:166  unlock_current_page              [  10.29926] Unlocking page: 0D813C98
d3d      D          d3d_bmp.cpp:539  _al_d3d_sync_bitmap              [  10.29972] _al_d3d_sync_bitmap (system) ref count == 1
d3d      D          d3d_bmp.cpp:545  _al_d3d_sync_bitmap              [  10.29974] _al_d3d_sync_bitmap (video) ref count == 1
font     D                ttf.c:242  alloc_glyph_region               [  11.29835] Glyph 23: 13x17 (16x20)
font     D                ttf.c:286  alloc_glyph_region               [  11.29838] Locking glyph region: 0D813C98 492 0 16 20
font     D                ttf.c:166  unlock_current_page              [  11.29841] Unlocking page: 0D813C98
d3d      D          d3d_bmp.cpp:539  _al_d3d_sync_bitmap              [  11.29881] _al_d3d_sync_bitmap (system) ref count == 1
d3d      D          d3d_bmp.cpp:545  _al_d3d_sync_bitmap              [  11.29885] _al_d3d_sync_bitmap (video) ref count == 1
font     D                ttf.c:242  alloc_glyph_region               [  12.29878] Glyph 22: 13x17 (16x20)
font     D                ttf.c:286  alloc_glyph_region               [  12.29881] Locking glyph region: 0D813C98 0 20 16 20
font     D                ttf.c:166  unlock_current_page              [  12.29883] Unlocking page: 0D813C98
d3d      D          d3d_bmp.cpp:539  _al_d3d_sync_bitmap              [  12.29949] _al_d3d_sync_bitmap (system) ref count == 1
d3d      D          d3d_bmp.cpp:545  _al_d3d_sync_bitmap              [  12.29953] _al_d3d_sync_bitmap (video) ref count == 1
font     D                ttf.c:242  alloc_glyph_region               [  12.93142] Glyph 21: 13x17 (16x20)
font     D                ttf.c:286  alloc_glyph_region               [  12.93145] Locking glyph region: 0D813C98 16 20 16 20
font     D                ttf.c:166  unlock_current_page              [  12.93147] Unlocking page: 0D813C98
d3d      D          d3d_bmp.cpp:539  _al_d3d_sync_bitmap              [  12.93189] _al_d3d_sync_bitmap (system) ref count == 1
d3d      D          d3d_bmp.cpp:545  _al_d3d_sync_bitmap              [  12.93192] _al_d3d_sync_bitmap (video) ref count == 1
audio    D          kcm_mixer.c:121  _al_rechannel_matrix             [  94.91509] sample matrix:
audio    D          kcm_mixer.c:127  _al_rechannel_matrix             [  94.91513]  0.707107 0.000000
audio    D          kcm_mixer.c:127  _al_rechannel_matrix             [  94.91514]  0.000000 0.707107
font     D                ttf.c:242  alloc_glyph_region               [ 104.91714] Glyph 60: 16x17 (16x20)
font     D                ttf.c:286  alloc_glyph_region               [ 104.91718] Locking glyph region: 0D813C98 32 20 16 20
font     D                ttf.c:166  unlock_current_page              [ 104.91720] Unlocking page: 0D813C98
font     D                ttf.c:242  alloc_glyph_region               [ 104.91726] Glyph 50: 36x39 (36x40)
font     D                ttf.c:286  alloc_glyph_region               [ 104.91728] Locking glyph region: 0D86CB70 660 0 36 40
font     D                ttf.c:166  unlock_current_page              [ 104.91730] Unlocking page: 0D86CB70
font     D                ttf.c:242  alloc_glyph_region               [ 104.91732] Glyph 29: 8x28 (8x28)
font     D                ttf.c:286  alloc_glyph_region               [ 104.91733] Locking glyph region: 0D86CB70 696 0 8 28
font     D                ttf.c:166  unlock_current_page              [ 104.92094] Unlocking page: 0D86CB70
font     D                ttf.c:242  alloc_glyph_region               [ 104.92103] Glyph 19: 25x37 (28x40)
font     D                ttf.c:286  alloc_glyph_region               [ 104.92105] Locking glyph region: 0D86CB70 704 0 28 40
font     D                ttf.c:166  unlock_current_page              [ 104.92109] Unlocking page: 0D86CB70
d3d      D          d3d_bmp.cpp:539  _al_d3d_sync_bitmap              [ 104.92167] _al_d3d_sync_bitmap (system) ref count == 1
d3d      D          d3d_bmp.cpp:545  _al_d3d_sync_bitmap              [ 104.92169] _al_d3d_sync_bitmap (video) ref count == 1
d3d      D          d3d_bmp.cpp:539  _al_d3d_sync_bitmap              [ 104.92283] _al_d3d_sync_bitmap (system) ref count == 1
d3d      D          d3d_bmp.cpp:545  _al_d3d_sync_bitmap              [ 104.92286] _al_d3d_sync_bitmap (video) ref count == 1
dtor     D               dtor.c:227  _al_unregister_destructor        [ 150.15596] removed dtor for bitmap 08D94E58
dtor     D               dtor.c:227  _al_unregister_destructor        [ 150.15606] removed dtor for bitmap 08CB59E8
dtor     D               dtor.c:227  _al_unregister_destructor        [ 150.15675] removed dtor for bitmap 08CBCB88
dtor     D               dtor.c:227  _al_unregister_destructor        [ 150.15688] removed dtor for bitmap 03C05330
dtor     D               dtor.c:227  _al_unregister_destructor        [ 150.15699] removed dtor for bitmap 08DE36B0
dtor     D               dtor.c:227  _al_unregister_destructor        [ 150.15707] removed dtor for bitmap 08DE32B0
dtor     D               dtor.c:227  _al_unregister_destructor        [ 150.15709] removed dtor for bitmap 08DE3008
dtor     D               dtor.c:227  _al_unregister_destructor        [ 150.15712] removed dtor for bitmap 08DE3450
dtor     D               dtor.c:227  _al_unregister_destructor        [ 150.15732] removed dtor for queue 08CB57D0
dtor     D               dtor.c:227  _al_unregister_destructor        [ 150.15734] removed dtor for timer 08CE0A28
dtor     D               dtor.c:227  _al_unregister_destructor        [ 150.15737] removed dtor for ttf_font 08FC3AD8
dtor     D               dtor.c:227  _al_unregister_destructor        [ 150.15772] removed dtor for ttf_font 08FC3C98
dtor     D               dtor.c:227  _al_unregister_destructor        [ 150.15874] removed dtor for sample 004EDDD0
dtor     D               dtor.c:227  _al_unregister_destructor        [ 150.15906] removed dtor for sample 004EDE18
dtor     D               dtor.c:227  _al_unregister_destructor        [ 150.15915] removed dtor for sample 004ED9E0
dtor     D               dtor.c:227  _al_unregister_destructor        [ 150.15918] removed dtor for sample 004EDE60
dtor     D               dtor.c:227  _al_unregister_destructor        [ 150.15939] removed dtor for sample 004EDD88
d3d      I         d3d_disp.cpp:901  d3d_destroy_display              [ 150.16213] destroying display 00591300 (current 00000000)
d3d      D         d3d_disp.cpp:885  d3d_destroy_display_internals    [ 150.16501] waiting for display 00591300's thread to end
d3d      W         d3d_disp.cpp:595  d3d_destroy_device               [ 150.17388] d3d_destroy_device: ref count not 0
d3d      W         d3d_disp.cpp:595  d3d_destroy_device               [ 150.17391] d3d_destroy_device: ref count not 0
d3d      I         d3d_disp.cpp:1548 d3d_display_thread_proc          [ 150.18549] d3d display thread exits
dtor     D               dtor.c:227  _al_unregister_destructor        [ 150.18697] removed dtor for sample_instance 08D1D918
dtor     D               dtor.c:227  _al_unregister_destructor        [ 150.18702] removed dtor for sample_instance 08D1E0C0
dtor     D               dtor.c:227  _al_unregister_destructor        [ 150.18706] removed dtor for mixer 08CE4430
audio-dsound D           dsound.cpp:528  _dsound_stop_voice               [ 150.18709] Stopping voice
audio-dsound D           dsound.cpp:545  _dsound_stop_voice               [ 150.18710] Joining thread
audio-dsound D           dsound.cpp:551  _dsound_stop_voice               [ 150.19040] Joined thread
audio-dsound D           dsound.cpp:553  _dsound_stop_voice               [ 150.19045] Destroying thread
audio-dsound D           dsound.cpp:555  _dsound_stop_voice               [ 150.19047] Thread destroyed
audio-dsound D           dsound.cpp:562  _dsound_stop_voice               [ 150.19048] Releasing buffer
audio-dsound I           dsound.cpp:566  _dsound_stop_voice               [ 150.19049] Voice stopped
dtor     D               dtor.c:227  _al_unregister_destructor        [ 150.19050] removed dtor for voice 08CECD48
audio-dsound D           dsound.cpp:380  _dsound_deallocate_voice         [ 150.19051] Deallocating voice
audio-dsound D           dsound.cpp:385  _dsound_deallocate_voice         [ 150.19052] Deallocated voice
audio-dsound D           dsound.cpp:296  _dsound_close                    [ 150.19054] Releasing device
audio-dsound D           dsound.cpp:298  _dsound_close                    [ 150.19651] Released device
audio-dsound I           dsound.cpp:299  _dsound_close                    [ 150.19657] DirectSound closed
